This is pdfTeX, Version 3.14159265-2.6-1.40.20 (MiKTeX 2.9.7140 64-bit) (preloaded format=pdflatex 2019.9.28)  7 NOV 2019 09:41
entering extended mode
**d:/UFM-Cursos/Semestre_2-[Julio-Diciembre_2019]/______SumaDeCursosUFM1.2______/____Intro_a_derecho-Notas____/IntroduccionAlDerecho.tex
(d:/UFM-Cursos/Semestre_2-[Julio-Diciembre_2019]/______SumaDeCursosUFM1.2______/____Intro_a_derecho-Notas____/IntroduccionAlDerecho.tex
LaTeX2e <2018-12-01>
("C:\Users\DAVIDCORZO\AppData\Local\Programs\MiKTeX 2.9\tex/latex/base\book.cls"
Document Class: book 2018/09/03 v1.4i Standard LaTeX document class
("C:\Users\DAVIDCORZO\AppData\Local\Programs\MiKTeX 2.9\tex/latex/base\bk10.clo"
File: bk10.clo 2018/09/03 v1.4i Standard LaTeX file (size option)
)
\c@part=\count80
\c@chapter=\count81
\c@section=\count82
\c@subsection=\count83
\c@subsubsection=\count84
\c@paragraph=\count85
\c@subparagraph=\count86
\c@figure=\count87
\c@table=\count88
\abovecaptionskip=\skip41
\belowcaptionskip=\skip42
\bibindent=\dimen102
) ("C:\Users\DAVIDCORZO\AppData\Local\Programs\MiKTeX 2.9\tex/latex/geometry\geometry.sty"
Package: geometry 2018/04/16 v5.8 Page Geometry
 ("C:\Users\DAVIDCORZO\AppData\Local\Programs\MiKTeX 2.9\tex/latex/graphics\keyval.sty"
Package: keyval 2014/10/28 v1.15 key=value parser (DPC)
\KV@toks@=\toks14
) ("C:\Users\DAVIDCORZO\AppData\Local\Programs\MiKTeX 2.9\tex/generic/oberdiek\ifpdf.sty"
Package: ifpdf 2018/09/07 v3.3 Provides the ifpdf switch
) ("C:\Users\DAVIDCORZO\AppData\Local\Programs\MiKTeX 2.9\tex/generic/oberdiek\ifvtex.sty"
Package: ifvtex 2016/05/16 v1.6 Detect VTeX and its facilities (HO)
Package ifvtex Info: VTeX not detected.
) ("C:\Users\DAVIDCORZO\AppData\Local\Programs\MiKTeX 2.9\tex/generic/ifxetex\ifxetex.sty"
Package: ifxetex 2010/09/12 v0.6 Provides ifxetex conditional
)
\Gm@cnth=\count89
\Gm@cntv=\count90
\c@Gm@tempcnt=\count91
\Gm@bindingoffset=\dimen103
\Gm@wd@mp=\dimen104
\Gm@odd@mp=\dimen105
\Gm@even@mp=\dimen106
\Gm@layoutwidth=\dimen107
\Gm@layoutheight=\dimen108
\Gm@layouthoffset=\dimen109
\Gm@layoutvoffset=\dimen110
\Gm@dimlist=\toks15
 ("C:\Users\DAVIDCORZO\AppData\Local\Programs\MiKTeX 2.9\tex/latex/geometry\geometry.cfg")) ("C:\Users\DAVIDCORZO\AppData\Local\Programs\MiKTeX 2.9\tex/latex/graphics\graphicx.sty"
Package: graphicx 2017/06/01 v1.1a Enhanced LaTeX Graphics (DPC,SPQR)
 ("C:\Users\DAVIDCORZO\AppData\Local\Programs\MiKTeX 2.9\tex/latex/graphics\graphics.sty"
Package: graphics 2017/06/25 v1.2c Standard LaTeX Graphics (DPC,SPQR)
 ("C:\Users\DAVIDCORZO\AppData\Local\Programs\MiKTeX 2.9\tex/latex/graphics\trig.sty"
Package: trig 2016/01/03 v1.10 sin cos tan (DPC)
) ("C:\Users\DAVIDCORZO\AppData\Local\Programs\MiKTeX 2.9\tex/latex/graphics-cfg\graphics.cfg"
File: graphics.cfg 2016/06/04 v1.11 sample graphics configuration
)
Package graphics Info: Driver file: pdftex.def on input line 99.
 ("C:\Users\DAVIDCORZO\AppData\Local\Programs\MiKTeX 2.9\tex/latex/graphics-def\pdftex.def"
File: pdftex.def 2018/01/08 v1.0l Graphics/color driver for pdftex
))
\Gin@req@height=\dimen111
\Gin@req@width=\dimen112
) ("C:\Users\DAVIDCORZO\AppData\Local\Programs\MiKTeX 2.9\tex/latex/base\fontenc.sty"
Package: fontenc 2018/08/11 v2.0j Standard LaTeX package
) ("C:\Users\DAVIDCORZO\AppData\Local\Programs\MiKTeX 2.9\tex/generic/babel\babel.sty"
Package: babel 2019/07/19 3.33 The Babel package
 ("C:\Users\DAVIDCORZO\AppData\Local\Programs\MiKTeX 2.9\tex/generic/babel\switch.def"
File: switch.def 2019/07/19 3.33 Babel switching mechanism
)
*************************************
* Local config file bblopts.cfg used
*
("C:\Users\DAVIDCORZO\AppData\Local\Programs\MiKTeX 2.9\tex/latex/arabi\bblopts.cfg"
File: bblopts.cfg 2005/09/08 v0.1 add Arabic and Farsi to "declared" options of babel
) ("C:\Users\DAVIDCORZO\AppData\Local\Programs\MiKTeX 2.9\tex/latex/babel-spanish\spanish.ldf"
Language: spanish.ldf 2016/03/03 v5.0p Spanish support from the babel system
 ("C:\Users\DAVIDCORZO\AppData\Local\Programs\MiKTeX 2.9\tex/generic/babel\babel.def"
File: babel.def 2019/07/19 3.33 Babel common definitions
\babel@savecnt=\count92
\U@D=\dimen113
 ("C:\Users\DAVIDCORZO\AppData\Local\Programs\MiKTeX 2.9\tex/generic/babel\txtbabel.def")
\bbl@dirlevel=\count93
)
\es@quottoks=\toks16
\es@quotdepth=\count94
Package babel Info: Making " an active character on input line 561.
Package babel Info: Making . an active character on input line 662.
Package babel Info: Making < an active character on input line 707.
Package babel Info: Making > an active character on input line 707.
)) ("C:\Users\DAVIDCORZO\AppData\Local\Programs\MiKTeX 2.9\tex/latex/amsmath\amsmath.sty"
Package: amsmath 2018/12/01 v2.17b AMS math features
\@mathmargin=\skip43

For additional information on amsmath, use the `?' option.
("C:\Users\DAVIDCORZO\AppData\Local\Programs\MiKTeX 2.9\tex/latex/amsmath\amstext.sty"
Package: amstext 2000/06/29 v2.01 AMS text
 ("C:\Users\DAVIDCORZO\AppData\Local\Programs\MiKTeX 2.9\tex/latex/amsmath\amsgen.sty"
File: amsgen.sty 1999/11/30 v2.0 generic functions
\@emptytoks=\toks17
\ex@=\dimen114
)) ("C:\Users\DAVIDCORZO\AppData\Local\Programs\MiKTeX 2.9\tex/latex/amsmath\amsbsy.sty"
Package: amsbsy 1999/11/29 v1.2d Bold Symbols
\pmbraise@=\dimen115
) ("C:\Users\DAVIDCORZO\AppData\Local\Programs\MiKTeX 2.9\tex/latex/amsmath\amsopn.sty"
Package: amsopn 2016/03/08 v2.02 operator names
)
\inf@bad=\count95
LaTeX Info: Redefining \frac on input line 223.
\uproot@=\count96
\leftroot@=\count97
LaTeX Info: Redefining \overline on input line 385.
\classnum@=\count98
\DOTSCASE@=\count99
LaTeX Info: Redefining \ldots on input line 482.
LaTeX Info: Redefining \dots on input line 485.
LaTeX Info: Redefining \cdots on input line 606.
\Mathstrutbox@=\box27
\strutbox@=\box28
\big@size=\dimen116
LaTeX Font Info:    Redeclaring font encoding OML on input line 729.
LaTeX Font Info:    Redeclaring font encoding OMS on input line 730.
\macc@depth=\count100
\c@MaxMatrixCols=\count101
\dotsspace@=\muskip10
\c@parentequation=\count102
\dspbrk@lvl=\count103
\tag@help=\toks18
\row@=\count104
\column@=\count105
\maxfields@=\count106
\andhelp@=\toks19
\eqnshift@=\dimen117
\alignsep@=\dimen118
\tagshift@=\dimen119
\tagwidth@=\dimen120
\totwidth@=\dimen121
\lineht@=\dimen122
\@envbody=\toks20
\multlinegap=\skip44
\multlinetaggap=\skip45
\mathdisplay@stack=\toks21
LaTeX Info: Redefining \[ on input line 2844.
LaTeX Info: Redefining \] on input line 2845.
) ("C:\Users\DAVIDCORZO\AppData\Local\Programs\MiKTeX 2.9\tex/latex/amscls\amsthm.sty"
Package: amsthm 2017/10/31 v2.20.4
\thm@style=\toks22
\thm@bodyfont=\toks23
\thm@headfont=\toks24
\thm@notefont=\toks25
\thm@headpunct=\toks26
\thm@preskip=\skip46
\thm@postskip=\skip47
\thm@headsep=\skip48
\dth@everypar=\toks27
) ("C:\Users\DAVIDCORZO\AppData\Local\Programs\MiKTeX 2.9\tex/latex/base\inputenc.sty"
Package: inputenc 2018/08/11 v1.3c Input encoding file
\inpenc@prehook=\toks28
\inpenc@posthook=\toks29
) ("C:\Users\DAVIDCORZO\AppData\Local\Programs\MiKTeX 2.9\tex/latex/enumitem\enumitem.sty"
Package: enumitem 2019/06/20 v3.9 Customized lists
\labelindent=\skip49
\enit@outerparindent=\dimen123
\enit@toks=\toks30
\enit@inbox=\box29
\enit@count@id=\count107
\enitdp@description=\count108
) ("C:\Users\DAVIDCORZO\AppData\Local\Programs\MiKTeX 2.9\tex/latex/mathtools\mathtools.sty"
Package: mathtools 2019/07/31 v1.22 mathematical typesetting tools
 ("C:\Users\DAVIDCORZO\AppData\Local\Programs\MiKTeX 2.9\tex/latex/tools\calc.sty"
Package: calc 2017/05/25 v4.3 Infix arithmetic (KKT,FJ)
\calc@Acount=\count109
\calc@Bcount=\count110
\calc@Adimen=\dimen124
\calc@Bdimen=\dimen125
\calc@Askip=\skip50
\calc@Bskip=\skip51
LaTeX Info: Redefining \setlength on input line 80.
LaTeX Info: Redefining \addtolength on input line 81.
\calc@Ccount=\count111
\calc@Cskip=\skip52
) ("C:\Users\DAVIDCORZO\AppData\Local\Programs\MiKTeX 2.9\tex/latex/mathtools\mhsetup.sty"
Package: mhsetup 2017/03/31 v1.3 programming setup (MH)
)
LaTeX Info: Thecontrolsequence`\('isalreadyrobust on input line 129.
LaTeX Info: Thecontrolsequence`\)'isalreadyrobust on input line 129.
LaTeX Info: Thecontrolsequence`\['isalreadyrobust on input line 129.
LaTeX Info: Thecontrolsequence`\]'isalreadyrobust on input line 129.
\g_MT_multlinerow_int=\count112
\l_MT_multwidth_dim=\dimen126
\origjot=\skip53
\l_MT_shortvdotswithinadjustabove_dim=\dimen127
\l_MT_shortvdotswithinadjustbelow_dim=\dimen128
\l_MT_above_intertext_sep=\dimen129
\l_MT_below_intertext_sep=\dimen130
\l_MT_above_shortintertext_sep=\dimen131
\l_MT_below_shortintertext_sep=\dimen132
) ("C:\Users\DAVIDCORZO\AppData\Local\Programs\MiKTeX 2.9\tex/latex/import\import.sty"
Package: import 2009/03/23  v 5.1
) ("C:\Users\DAVIDCORZO\AppData\Local\Programs\MiKTeX 2.9\tex/latex/xifthen\xifthen.sty"
Package: xifthen 2015/11/05 v1.4.0 Extended ifthen features
 ("C:\Users\DAVIDCORZO\AppData\Local\Programs\MiKTeX 2.9\tex/latex/base\ifthen.sty"
Package: ifthen 2014/09/29 v1.1c Standard LaTeX ifthen package (DPC)
) ("C:\Users\DAVIDCORZO\AppData\Local\Programs\MiKTeX 2.9\tex/latex/ifmtarg\ifmtarg.sty"
Package: ifmtarg 2018/04/16 v1.2b check for an empty argument
)) ("C:\Users\DAVIDCORZO\AppData\Local\Programs\MiKTeX 2.9\tex/latex/pdfpages\pdfpages.sty"
Package: pdfpages 2019/09/21 v0.5n Insert pages of external PDF documents (AM)
 ("C:\Users\DAVIDCORZO\AppData\Local\Programs\MiKTeX 2.9\tex/latex/eso-pic\eso-pic.sty"
Package: eso-pic 2018/04/12 v2.0h eso-pic (RN)
 ("C:\Users\DAVIDCORZO\AppData\Local\Programs\MiKTeX 2.9\tex/generic/oberdiek\atbegshi.sty"
Package: atbegshi 2016/06/09 v1.18 At begin shipout hook (HO)
 ("C:\Users\DAVIDCORZO\AppData\Local\Programs\MiKTeX 2.9\tex/generic/oberdiek\infwarerr.sty"
Package: infwarerr 2016/05/16 v1.4 Providing info/warning/error messages (HO)
) ("C:\Users\DAVIDCORZO\AppData\Local\Programs\MiKTeX 2.9\tex/generic/oberdiek\ltxcmds.sty"
Package: ltxcmds 2016/05/16 v1.23 LaTeX kernel commands for general use (HO)
)) ("C:\Users\DAVIDCORZO\AppData\Local\Programs\MiKTeX 2.9\tex/latex/xcolor\xcolor.sty"
Package: xcolor 2016/05/11 v2.12 LaTeX color extensions (UK)
 ("C:\Users\DAVIDCORZO\AppData\Local\Programs\MiKTeX 2.9\tex/latex/graphics-cfg\color.cfg"
File: color.cfg 2016/01/02 v1.6 sample color configuration
)
Package xcolor Info: Driver file: pdftex.def on input line 225.
Package xcolor Info: Model `cmy' substituted by `cmy0' on input line 1348.
Package xcolor Info: Model `hsb' substituted by `rgb' on input line 1352.
Package xcolor Info: Model `RGB' extended on input line 1364.
Package xcolor Info: Model `HTML' substituted by `rgb' on input line 1366.
Package xcolor Info: Model `Hsb' substituted by `hsb' on input line 1367.
Package xcolor Info: Model `tHsb' substituted by `hsb' on input line 1368.
Package xcolor Info: Model `HSB' substituted by `hsb' on input line 1369.
Package xcolor Info: Model `Gray' substituted by `gray' on input line 1370.
Package xcolor Info: Model `wave' substituted by `hsb' on input line 1371.
))
\AM@pagewidth=\dimen133
\AM@pageheight=\dimen134
 ("C:\Users\DAVIDCORZO\AppData\Local\Programs\MiKTeX 2.9\tex/latex/pdfpages\pppdftex.def"
File: pppdftex.def 2019/09/21 v0.5n Pdfpages driver for pdfTeX (AM)
)
\AM@pagebox=\box30
\AM@global@opts=\toks31
\AM@toc@title=\toks32
\c@AM@survey=\count113
\AM@templatesizebox=\box31
) ("C:\Users\DAVIDCORZO\AppData\Local\Programs\MiKTeX 2.9\tex/latex/oberdiek\transparent.sty"
Package: transparent 2018/11/18 v1.3 Transparency via pdfTeX's color stack (HO)
 ("C:\Users\DAVIDCORZO\AppData\Local\Programs\MiKTeX 2.9\tex/latex/oberdiek\auxhook.sty"
Package: auxhook 2016/05/16 v1.4 Hooks for auxiliary files (HO)
)) ("C:\Users\DAVIDCORZO\AppData\Local\Programs\MiKTeX 2.9\tex/latex/tools\array.sty"
Package: array 2018/12/30 v2.4k Tabular extension package (FMi)
\col@sep=\dimen135
\ar@mcellbox=\box32
\extrarowheight=\dimen136
\NC@list=\toks33
\extratabsurround=\skip54
\backup@length=\skip55
\ar@cellbox=\box33
) ("C:\Users\DAVIDCORZO\AppData\Local\Programs\MiKTeX 2.9\tex/latex/etaremune\etaremune.sty"
Package: etaremune 2005/06/01 v1.2 Reversed enumerate (HA)
 ("C:\Users\DAVIDCORZO\AppData\Local\Programs\MiKTeX 2.9\tex/latex/xkeyval\xkeyval.sty"
Package: xkeyval 2014/12/03 v2.7a package option processing (HA)
 ("C:\Users\DAVIDCORZO\AppData\Local\Programs\MiKTeX 2.9\tex/generic/xkeyval\xkeyval.tex" ("C:\Users\DAVIDCORZO\AppData\Local\Programs\MiKTeX 2.9\tex/generic/xkeyval\xkvutils.tex"
\XKV@toks=\toks34
\XKV@tempa@toks=\toks35
)
\XKV@depth=\count114
File: xkeyval.tex 2014/12/03 v2.7a key=value parser (HA)
))
\c@EM@itemctr=\count115
\c@EM@etaremunectr=\count116
) ("C:\Users\DAVIDCORZO\AppData\Local\Programs\MiKTeX 2.9\tex/latex/oberdiek\bookmark.sty"
Package: bookmark 2019/06/04 v1.27 PDF bookmarks (HO)
 ("C:\Users\DAVIDCORZO\AppData\Local\Programs\MiKTeX 2.9\tex/generic/oberdiek\pdfescape.sty"
Package: pdfescape 2016/05/16 v1.14 Implements pdfTeX's escape features (HO)
 ("C:\Users\DAVIDCORZO\AppData\Local\Programs\MiKTeX 2.9\tex/generic/oberdiek\pdftexcmds.sty"
Package: pdftexcmds 2019/07/25 v0.30 Utility functions of pdfTeX for LuaTeX (HO)
 ("C:\Users\DAVIDCORZO\AppData\Local\Programs\MiKTeX 2.9\tex/generic/oberdiek\ifluatex.sty"
Package: ifluatex 2016/05/16 v1.4 Provides the ifluatex switch (HO)
Package ifluatex Info: LuaTeX not detected.
)
Package pdftexcmds Info: LuaTeX not detected.
Package pdftexcmds Info: \pdf@primitive is available.
Package pdftexcmds Info: \pdf@ifprimitive is available.
Package pdftexcmds Info: \pdfdraftmode found.
)) ("C:\Users\DAVIDCORZO\AppData\Local\Programs\MiKTeX 2.9\tex/latex/hyperref\hyperref.sty"
Package: hyperref 2019/09/12 v6.88i Hypertext links for LaTeX
 ("C:\Users\DAVIDCORZO\AppData\Local\Programs\MiKTeX 2.9\tex/generic/oberdiek\hobsub-hyperref.sty"
Package: hobsub-hyperref 2016/05/16 v1.14 Bundle oberdiek, subset hyperref (HO)
 ("C:\Users\DAVIDCORZO\AppData\Local\Programs\MiKTeX 2.9\tex/generic/oberdiek\hobsub-generic.sty"
Package: hobsub-generic 2016/05/16 v1.14 Bundle oberdiek, subset generic (HO)
Package: hobsub 2016/05/16 v1.14 Construct package bundles (HO)
Package hobsub Info: Skipping package `infwarerr' (already loaded).
Package hobsub Info: Skipping package `ltxcmds' (already loaded).
Package hobsub Info: Skipping package `ifluatex' (already loaded).
Package hobsub Info: Skipping package `ifvtex' (already loaded).
Package: intcalc 2016/05/16 v1.2 Expandable calculations with integers (HO)
Package hobsub Info: Skipping package `ifpdf' (already loaded).
Package: etexcmds 2016/05/16 v1.6 Avoid name clashes with e-TeX commands (HO)
Package: kvsetkeys 2016/05/16 v1.17 Key value parser (HO)
Package: kvdefinekeys 2016/05/16 v1.4 Define keys (HO)
Package hobsub Info: Skipping package `pdftexcmds' (already loaded).
Package hobsub Info: Skipping package `pdfescape' (already loaded).
Package: bigintcalc 2016/05/16 v1.4 Expandable calculations on big integers (HO)
Package: bitset 2016/05/16 v1.2 Handle bit-vector datatype (HO)
Package: uniquecounter 2016/05/16 v1.3 Provide unlimited unique counter (HO)
)
Package hobsub Info: Skipping package `hobsub' (already loaded).
Package: letltxmacro 2016/05/16 v1.5 Let assignment for LaTeX macros (HO)
Package: hopatch 2016/05/16 v1.3 Wrapper for package hooks (HO)
Package: xcolor-patch 2016/05/16 xcolor patch
Package: atveryend 2016/05/16 v1.9 Hooks at the very end of document (HO)
Package atveryend Info: \enddocument detected (standard20110627).
Package hobsub Info: Skipping package `atbegshi' (already loaded).
Package: refcount 2016/05/16 v3.5 Data extraction from label references (HO)
Package: hycolor 2016/05/16 v1.8 Color options for hyperref/bookmark (HO)
) ("C:\Users\DAVIDCORZO\AppData\Local\Programs\MiKTeX 2.9\tex/latex/oberdiek\kvoptions.sty"
Package: kvoptions 2016/05/16 v3.12 Key value format for package options (HO)
)
\@linkdim=\dimen137
\Hy@linkcounter=\count117
\Hy@pagecounter=\count118
 ("C:\Users\DAVIDCORZO\AppData\Local\Programs\MiKTeX 2.9\tex/latex/hyperref\pd1enc.def"
File: pd1enc.def 2019/09/12 v6.88i Hyperref: PDFDocEncoding definition (HO)
Now handling font encoding PD1 ...
... no UTF-8 mapping file for font encoding PD1
)
\Hy@SavedSpaceFactor=\count119
 ("C:\Users\DAVIDCORZO\AppData\Local\Programs\MiKTeX 2.9\tex/latex/00miktex\hyperref.cfg"
File: hyperref.cfg 2002/06/06 v1.2 hyperref configuration of TeXLive
)
Package hyperref Info: Hyper figures OFF on input line 4550.
Package hyperref Info: Link nesting OFF on input line 4555.
Package hyperref Info: Hyper index ON on input line 4558.
Package hyperref Info: Plain pages OFF on input line 4565.
Package hyperref Info: Backreferencing OFF on input line 4570.
Package hyperref Info: Implicit mode ON; LaTeX internals redefined.
Package hyperref Info: Bookmarks ON on input line 4803.
\c@Hy@tempcnt=\count120
 ("C:\Users\DAVIDCORZO\AppData\Local\Programs\MiKTeX 2.9\tex/latex/url\url.sty"
\Urlmuskip=\muskip11
Package: url 2013/09/16  ver 3.4  Verb mode for urls, etc.
)
LaTeX Info: Redefining \url on input line 5156.
\XeTeXLinkMargin=\dimen138
\Fld@menulength=\count121
\Field@Width=\dimen139
\Fld@charsize=\dimen140
Package hyperref Info: Hyper figures OFF on input line 6411.
Package hyperref Info: Link nesting OFF on input line 6416.
Package hyperref Info: Hyper index ON on input line 6419.
Package hyperref Info: backreferencing OFF on input line 6426.
Package hyperref Info: Link coloring OFF on input line 6431.
Package hyperref Info: Link coloring with OCG OFF on input line 6436.
Package hyperref Info: PDF/A mode OFF on input line 6441.
LaTeX Info: Redefining \ref on input line 6481.
LaTeX Info: Redefining \pageref on input line 6485.
\Hy@abspage=\count122
\c@Item=\count123
\c@Hfootnote=\count124
)
Package hyperref Info: Driver (autodetected): hpdftex.
 ("C:\Users\DAVIDCORZO\AppData\Local\Programs\MiKTeX 2.9\tex/latex/hyperref\hpdftex.def"
File: hpdftex.def 2019/09/12 v6.88i Hyperref driver for pdfTeX
\Fld@listcount=\count125
\c@bookmark@seq@number=\count126
 ("C:\Users\DAVIDCORZO\AppData\Local\Programs\MiKTeX 2.9\tex/latex/oberdiek\rerunfilecheck.sty"
Package: rerunfilecheck 2016/05/16 v1.8 Rerun checks for auxiliary files (HO)
Package uniquecounter Info: New unique counter `rerunfilecheck' on input line 282.
)
\Hy@SectionHShift=\skip56
) ("C:\Users\DAVIDCORZO\AppData\Local\Programs\MiKTeX 2.9\tex/latex/oberdiek\bkm-pdftex.def"
File: bkm-pdftex.def 2019/06/04 v1.27 bookmark driver for pdfTeX (HO)
\BKM@id=\count127
)) (d:/UFM-Cursos\Semestre_2-[Julio-Diciembre_2019]\______SumaDeCursosUFM1.2______\____Intro_a_derecho-Notas____\IntroduccionAlDerecho.aux
LaTeX Info: Redefining \. on input line 25.
LaTeX Info: Redefining \% on input line 25.
)
\openout1 = `IntroduccionAlDerecho.aux'.

LaTeX Font Info:    Checking defaults for OML/cmm/m/it on input line 25.
LaTeX Font Info:    ... okay on input line 25.
LaTeX Font Info:    Checking defaults for T1/cmr/m/n on input line 25.
LaTeX Font Info:    ... okay on input line 25.
LaTeX Font Info:    Checking defaults for OT1/cmr/m/n on input line 25.
LaTeX Font Info:    ... okay on input line 25.
LaTeX Font Info:    Checking defaults for OMS/cmsy/m/n on input line 25.
LaTeX Font Info:    ... okay on input line 25.
LaTeX Font Info:    Checking defaults for OMX/cmex/m/n on input line 25.
LaTeX Font Info:    ... okay on input line 25.
LaTeX Font Info:    Checking defaults for U/cmr/m/n on input line 25.
LaTeX Font Info:    ... okay on input line 25.
LaTeX Font Info:    Checking defaults for PD1/pdf/m/n on input line 25.
LaTeX Font Info:    ... okay on input line 25.

*geometry* driver: auto-detecting
*geometry* detected driver: pdftex
*geometry* verbose mode - [ preamble ] result:
* driver: pdftex
* paper: <default>
* layout: <same size as paper>
* layoutoffset:(h,v)=(0.0pt,0.0pt)
* modes: twoside 
* h-part:(L,W,R)=(72.26999pt, 469.75502pt, 72.26999pt)
* v-part:(T,H,B)=(72.26999pt, 650.43001pt, 72.26999pt)
* \paperwidth=614.295pt
* \paperheight=794.96999pt
* \textwidth=469.75502pt
* \textheight=650.43001pt
* \oddsidemargin=0.0pt
* \evensidemargin=0.0pt
* \topmargin=-30.06749pt
* \headheight=12.0pt
* \headsep=18.06749pt
* \topskip=10.0pt
* \footskip=25.29494pt
* \marginparwidth=125.0pt
* \marginparsep=7.0pt
* \columnsep=10.0pt
* \skip\footins=9.0pt plus 4.0pt minus 2.0pt
* \hoffset=0.0pt
* \voffset=0.0pt
* \mag=1000
* \@twocolumnfalse
* \@twosidetrue
* \@mparswitchtrue
* \@reversemarginfalse
* (1in=72.27pt=25.4mm, 1cm=28.453pt)

("C:\Users\DAVIDCORZO\AppData\Local\Programs\MiKTeX 2.9\tex/context/base/mkii\supp-pdf.mkii"
[Loading MPS to PDF converter (version 2006.09.02).]
\scratchcounter=\count128
\scratchdimen=\dimen141
\scratchbox=\box34
\nofMPsegments=\count129
\nofMParguments=\count130
\everyMPshowfont=\toks36
\MPscratchCnt=\count131
\MPscratchDim=\dimen142
\MPnumerator=\count132
\makeMPintoPDFobject=\count133
\everyMPtoPDFconversion=\toks37
) ("C:\Users\DAVIDCORZO\AppData\Local\Programs\MiKTeX 2.9\tex/latex/oberdiek\epstopdf-base.sty"
Package: epstopdf-base 2016/05/15 v2.6 Base part for package epstopdf
 ("C:\Users\DAVIDCORZO\AppData\Local\Programs\MiKTeX 2.9\tex/latex/oberdiek\grfext.sty"
Package: grfext 2016/05/16 v1.2 Manage graphics extensions (HO)
)
Package epstopdf-base Info: Redefining graphics rule for `.eps' on input line 438.
Package grfext Info: Graphics extension search list:
(grfext)             [.pdf,.png,.jpg,.mps,.jpeg,.jbig2,.jb2,.PDF,.PNG,.JPG,.JPEG,.JBIG2,.JB2,.eps]
(grfext)             \AppendGraphicsExtensions on input line 456.
)
LaTeX Info: Redefining \. on input line 25.
LaTeX Info: Redefining \% on input line 25.
\AtBeginShipoutBox=\box35
 ("C:\Users\DAVIDCORZO\AppData\Local\Programs\MiKTeX 2.9\tex/latex/oberdiek\pdflscape.sty"
Package: pdflscape 2016/05/14 v0.11 Display of landscape pages in PDF (HO)
 ("C:\Users\DAVIDCORZO\AppData\Local\Programs\MiKTeX 2.9\tex/latex/graphics\lscape.sty"
Package: lscape 2000/10/22 v3.01 Landscape Pages (DPC)
)
Package pdflscape Info: Auto-detected driver: pdftex on input line 81.
)
Package hyperref Info: Link coloring OFF on input line 25.
 ("C:\Users\DAVIDCORZO\AppData\Local\Programs\MiKTeX 2.9\tex/latex/hyperref\nameref.sty"
Package: nameref 2019/09/12 v2.45 Cross-referencing by name of section
 ("C:\Users\DAVIDCORZO\AppData\Local\Programs\MiKTeX 2.9\tex/generic/oberdiek\gettitlestring.sty"
Package: gettitlestring 2016/05/16 v1.5 Cleanup title references (HO)
)
\c@section@level=\count134
)
LaTeX Info: Redefining \ref on input line 25.
LaTeX Info: Redefining \pageref on input line 25.
LaTeX Info: Redefining \nameref on input line 25.
 [1


{C:/Users/DAVIDCORZO/AppData/Local/MiKTeX/2.9/pdftex/config/pdftex.map}] [2

] (d:/UFM-Cursos\Semestre_2-[Julio-Diciembre_2019]\______SumaDeCursosUFM1.2______\____Intro_a_derecho-Notas____\IntroduccionAlDerecho.toc
LaTeX Info: Redefining \. on input line 1.
LaTeX Info: Redefining \% on input line 1.
 [3])
\tf@toc=\write3
\openout3 = `IntroduccionAlDerecho.toc'.

LaTeX Info: Redefining \. on input line 30.
LaTeX Info: Redefining \% on input line 30.
 [4]
Cap\'{\i }tulo 1.
(d:/UFM-Cursos\Semestre_2-[Julio-Diciembre_2019]\______SumaDeCursosUFM1.2______\____Intro_a_derecho-Notas____\Clases/01.tex) [5

]
LaTeX Info: Redefining \. on input line 33.
LaTeX Info: Redefining \% on input line 33.
 [6

]
Cap\'{\i }tulo 2.
(d:/UFM-Cursos\Semestre_2-[Julio-Diciembre_2019]\______SumaDeCursosUFM1.2______\____Intro_a_derecho-Notas____\Clases/02.tex
Underfull \hbox (badness 10000) in paragraph at lines 8--10

 []

LaTeX Font Info:    Try loading font information for OMS+cmr on input line 16.
("C:\Users\DAVIDCORZO\AppData\Local\Programs\MiKTeX 2.9\tex/latex/base\omscmr.fd"
File: omscmr.fd 2014/09/29 v2.5h Standard LaTeX font definitions
)
LaTeX Font Info:    Font shape `OMS/cmr/m/n' in size <10> not available
(Font)              Font shape `OMS/cmsy/m/n' tried instead on input line 16.
 [7])
LaTeX Info: Redefining \. on input line 36.
LaTeX Info: Redefining \% on input line 36.
 [8]
Cap\'{\i }tulo 3.
(d:/UFM-Cursos\Semestre_2-[Julio-Diciembre_2019]\______SumaDeCursosUFM1.2______\____Intro_a_derecho-Notas____\Clases/03.tex
Underfull \hbox (badness 10000) in paragraph at lines 15--16

 []


Overfull \hbox (11.44576pt too wide) in paragraph at lines 19--26
 [] 
 []

[9

]
LaTeX Info: Redefining \. on input line 82.
LaTeX Info: Redefining \% on input line 82.
 [10])
LaTeX Info: Redefining \. on input line 39.
LaTeX Info: Redefining \% on input line 39.
 [11]
LaTeX Info: Redefining \. on input line 39.
LaTeX Info: Redefining \% on input line 39.
 [12

]
Cap\'{\i }tulo 4.
(d:/UFM-Cursos\Semestre_2-[Julio-Diciembre_2019]\______SumaDeCursosUFM1.2______\____Intro_a_derecho-Notas____\Clases/04.tex [13]
LaTeX Info: Redefining \. on input line 99.
LaTeX Info: Redefining \% on input line 99.
 [14])
LaTeX Info: Redefining \. on input line 42.
LaTeX Info: Redefining \% on input line 42.
 [15]
LaTeX Info: Redefining \. on input line 42.
LaTeX Info: Redefining \% on input line 42.
 [16

]
Cap\'{\i }tulo 5.
(d:/UFM-Cursos\Semestre_2-[Julio-Diciembre_2019]\______SumaDeCursosUFM1.2______\____Intro_a_derecho-Notas____\Clases/05.tex) [17]
LaTeX Info: Redefining \. on input line 45.
LaTeX Info: Redefining \% on input line 45.
 [18]
Cap\'{\i }tulo 6.
(d:/UFM-Cursos\Semestre_2-[Julio-Diciembre_2019]\______SumaDeCursosUFM1.2______\____Intro_a_derecho-Notas____\Clases/06.tex [19

]
LaTeX Info: Redefining \. on input line 151.
LaTeX Info: Redefining \% on input line 151.
 [20]
LaTeX Info: Redefining \. on input line 210.
LaTeX Info: Redefining \% on input line 210.
 [21])
LaTeX Info: Redefining \. on input line 48.
LaTeX Info: Redefining \% on input line 48.
 [22]
Cap\'{\i }tulo 7.
(d:/UFM-Cursos\Semestre_2-[Julio-Diciembre_2019]\______SumaDeCursosUFM1.2______\____Intro_a_derecho-Notas____\Clases/07.tex [23

]
LaTeX Info: Redefining \. on input line 81.
LaTeX Info: Redefining \% on input line 81.
 [24])
LaTeX Info: Redefining \. on input line 51.
LaTeX Info: Redefining \% on input line 51.
 [25]
LaTeX Info: Redefining \. on input line 51.
LaTeX Info: Redefining \% on input line 51.
 [26

]
Cap\'{\i }tulo 8.
(d:/UFM-Cursos\Semestre_2-[Julio-Diciembre_2019]\______SumaDeCursosUFM1.2______\____Intro_a_derecho-Notas____\Clases/08.tex [27])
LaTeX Info: Redefining \. on input line 54.
LaTeX Info: Redefining \% on input line 54.
 [28]
Cap\'{\i }tulo 9.
(d:/UFM-Cursos\Semestre_2-[Julio-Diciembre_2019]\______SumaDeCursosUFM1.2______\____Intro_a_derecho-Notas____\Clases/09.tex [29

])
LaTeX Info: Redefining \. on input line 57.
LaTeX Info: Redefining \% on input line 57.
 [30]
Cap\'{\i }tulo 10.
(d:/UFM-Cursos\Semestre_2-[Julio-Diciembre_2019]\______SumaDeCursosUFM1.2______\____Intro_a_derecho-Notas____\Clases/10.tex [31

]
LaTeX Info: Redefining \. on input line 88.
LaTeX Info: Redefining \% on input line 88.
 [32])
LaTeX Info: Redefining \. on input line 60.
LaTeX Info: Redefining \% on input line 60.
 [33]
LaTeX Info: Redefining \. on input line 60.
LaTeX Info: Redefining \% on input line 60.
 [34

]
Cap\'{\i }tulo 11.
(d:/UFM-Cursos\Semestre_2-[Julio-Diciembre_2019]\______SumaDeCursosUFM1.2______\____Intro_a_derecho-Notas____\Clases/11.tex) [35]
LaTeX Info: Redefining \. on input line 63.
LaTeX Info: Redefining \% on input line 63.
 [36

]
Cap\'{\i }tulo 12.
(d:/UFM-Cursos\Semestre_2-[Julio-Diciembre_2019]\______SumaDeCursosUFM1.2______\____Intro_a_derecho-Notas____\Clases/12.tex [37])
LaTeX Info: Redefining \. on input line 66.
LaTeX Info: Redefining \% on input line 66.
 [38]
Cap\'{\i }tulo 13.
(d:/UFM-Cursos\Semestre_2-[Julio-Diciembre_2019]\______SumaDeCursosUFM1.2______\____Intro_a_derecho-Notas____\Clases/13.tex [39

])
LaTeX Info: Redefining \. on input line 69.
LaTeX Info: Redefining \% on input line 69.
 [40]
Cap\'{\i }tulo 14.
(d:/UFM-Cursos\Semestre_2-[Julio-Diciembre_2019]\______SumaDeCursosUFM1.2______\____Intro_a_derecho-Notas____\Clases/14.tex [41

]
LaTeX Info: Redefining \. on input line 103.
LaTeX Info: Redefining \% on input line 103.
 [42])
LaTeX Info: Redefining \. on input line 72.
LaTeX Info: Redefining \% on input line 72.
 [43]
LaTeX Info: Redefining \. on input line 72.
LaTeX Info: Redefining \% on input line 72.
 [44

]
Cap\'{\i }tulo 15.
(d:/UFM-Cursos\Semestre_2-[Julio-Diciembre_2019]\______SumaDeCursosUFM1.2______\____Intro_a_derecho-Notas____\Clases/15.tex [45])
LaTeX Info: Redefining \. on input line 75.
LaTeX Info: Redefining \% on input line 75.
 [46]
Cap\'{\i }tulo 16.
(d:/UFM-Cursos\Semestre_2-[Julio-Diciembre_2019]\______SumaDeCursosUFM1.2______\____Intro_a_derecho-Notas____\Clases/16.tex [47

])
Package atveryend Info: Empty hook `BeforeClearDocument' on input line 78.
LaTeX Info: Redefining \. on input line 78.
LaTeX Info: Redefining \% on input line 78.
 [48]
Package atveryend Info: Empty hook `AfterLastShipout' on input line 78.
 (d:/UFM-Cursos\Semestre_2-[Julio-Diciembre_2019]\______SumaDeCursosUFM1.2______\____Intro_a_derecho-Notas____\IntroduccionAlDerecho.aux
LaTeX Info: Redefining \. on input line 25.
LaTeX Info: Redefining \% on input line 25.
)
Package atveryend Info: Executing hook `AtVeryEndDocument' on input line 78.
Package atveryend Info: Empty hook `AtEndAfterFileList' on input line 78.
Package atveryend Info: Empty hook `AtVeryVeryEnd' on input line 78.
 ) 
Here is how much of TeX's memory you used:
 10306 strings out of 492895
 157616 string characters out of 3121400
 279009 words of memory out of 3000000
 13753 multiletter control sequences out of 15000+200000
 11293 words of font info for 40 fonts, out of 3000000 for 9000
 1141 hyphenation exceptions out of 8191
 37i,9n,39p,1079b,767s stack positions out of 5000i,500n,10000p,200000b,50000s
<C:/Users/DAVIDCORZO/AppData/Local/Programs/MiKTeX 2.9/fonts/type1/public/amsfonts/cm/cmbx10.pfb><C:/Users/DAVIDCORZO/AppData/Local/Programs/MiKTeX 2.9/fonts/type1/public/amsfonts/cm/cmbx12.pfb><C:/Users/DAVIDCORZO/AppData/Local/Programs/MiKTeX 2.9/fonts/type1/public/amsfonts/cm/cmbxti10.pfb><C:/Users/DAVIDCORZO/AppData/Local/Programs/MiKTeX 2.9/fonts/type1/public/amsfonts/cm/cmr10.pfb><C:/Users/DAVIDCORZO/AppData/Local/Programs/MiKTeX 2.9/fonts/type1/public/amsfonts/cm/cmr12.pfb><C:/Users/DAVIDCORZO/AppData/Local/Programs/MiKTeX 2.9/fonts/type1/public/amsfonts/cm/cmr17.pfb><C:/Users/DAVIDCORZO/AppData/Local/Programs/MiKTeX 2.9/fonts/type1/public/amsfonts/cm/cmsl10.pfb><C:/Users/DAVIDCORZO/AppData/Local/Programs/MiKTeX 2.9/fonts/type1/public/amsfonts/cm/cmsy10.pfb><C:/Users/DAVIDCORZO/AppData/Local/Programs/MiKTeX 2.9/fonts/type1/public/amsfonts/cm/cmti10.pfb>
Output written on d:/UFM-Cursos\Semestre_2-[Julio-Diciembre_2019]\______SumaDeCursosUFM1.2______\____Intro_a_derecho-Notas____\IntroduccionAlDerecho.pdf (48 pages, 305322 bytes).
PDF statistics:
 818 PDF objects out of 1000 (max. 8388607)
 250 named destinations out of 1000 (max. 500000)
 641 words of extra memory for PDF output out of 10000 (max. 10000000)

