This is pdfTeX, Version 3.14159265-2.6-1.40.20 (MiKTeX 2.9.7140 64-bit) (preloaded format=pdflatex 2019.9.28)  14 OCT 2019 09:56
entering extended mode
**d:/UFM-Cursos/Semestre_2-[Julio-Diciembre_2019]/______SumaDeCursosUFM1.2______/____Programacion_2-Notas____/Progra2.tex
(d:/UFM-Cursos/Semestre_2-[Julio-Diciembre_2019]/______SumaDeCursosUFM1.2______/____Programacion_2-Notas____/Progra2.tex
LaTeX2e <2018-12-01>
("C:\Users\DAVIDCORZO\AppData\Local\Programs\MiKTeX 2.9\tex/latex/base\book.cls"
Document Class: book 2018/09/03 v1.4i Standard LaTeX document class
("C:\Users\DAVIDCORZO\AppData\Local\Programs\MiKTeX 2.9\tex/latex/base\bk10.clo"
File: bk10.clo 2018/09/03 v1.4i Standard LaTeX file (size option)
)
\c@part=\count80
\c@chapter=\count81
\c@section=\count82
\c@subsection=\count83
\c@subsubsection=\count84
\c@paragraph=\count85
\c@subparagraph=\count86
\c@figure=\count87
\c@table=\count88
\abovecaptionskip=\skip41
\belowcaptionskip=\skip42
\bibindent=\dimen102
) (d:/UFM-Cursos\Semestre_2-[Julio-Diciembre_2019]\______SumaDeCursosUFM1.2______\____Programacion_2-Notas____\Progra2.aux)
\openout1 = `Progra2.aux'.

LaTeX Font Info:    Checking defaults for OML/cmm/m/it on input line 8.
LaTeX Font Info:    ... okay on input line 8.
LaTeX Font Info:    Checking defaults for T1/cmr/m/n on input line 8.
LaTeX Font Info:    ... okay on input line 8.
LaTeX Font Info:    Checking defaults for OT1/cmr/m/n on input line 8.
LaTeX Font Info:    ... okay on input line 8.
LaTeX Font Info:    Checking defaults for OMS/cmsy/m/n on input line 8.
LaTeX Font Info:    ... okay on input line 8.
LaTeX Font Info:    Checking defaults for OMX/cmex/m/n on input line 8.
LaTeX Font Info:    ... okay on input line 8.
LaTeX Font Info:    Checking defaults for U/cmr/m/n on input line 8.
LaTeX Font Info:    ... okay on input line 8.
LaTeX Font Info:    External font `cmex10' loaded for size
(Font)              <12> on input line 9.
LaTeX Font Info:    External font `cmex10' loaded for size
(Font)              <8> on input line 9.
LaTeX Font Info:    External font `cmex10' loaded for size
(Font)              <6> on input line 9.
 [1


{C:/Users/DAVIDCORZO/AppData/Local/MiKTeX/2.9/pdftex/config/pdftex.map}] [2

]
Chapter 1.

Underfull \hbox (badness 10000) in paragraph at lines 13--15

 []

[3] [4

]
Chapter 2.
(d:/UFM-Cursos\Semestre_2-[Julio-Diciembre_2019]\______SumaDeCursosUFM1.2______\____Programacion_2-Notas____\Clases/01.tex
LaTeX Font Info:    External font `cmex10' loaded for size
(Font)              <7> on input line 9.
LaTeX Font Info:    External font `cmex10' loaded for size
(Font)              <5> on input line 9.
LaTeX Font Info:    Try loading font information for OMS+cmr on input line 13.
 ("C:\Users\DAVIDCORZO\AppData\Local\Programs\MiKTeX 2.9\tex/latex/base\omscmr.fd"
File: omscmr.fd 2014/09/29 v2.5h Standard LaTeX font definitions
)
LaTeX Font Info:    Font shape `OMS/cmr/m/n' in size <10> not available
(Font)              Font shape `OMS/cmsy/m/n' tried instead on input line 13.

Overfull \hbox (202.1676pt too wide) in paragraph at lines 9--33
 [] 
 []

[5]) [6] (d:/UFM-Cursos\Semestre_2-[Julio-Diciembre_2019]\______SumaDeCursosUFM1.2______\____Programacion_2-Notas____\Progra2.aux) ) 
Here is how much of TeX's memory you used:
 288 strings out of 492895
 4656 string characters out of 3121400
 66082 words of memory out of 3000000
 4268 multiletter control sequences out of 15000+200000
 9251 words of font info for 32 fonts, out of 3000000 for 9000
 1141 hyphenation exceptions out of 8191
 23i,9n,19p,389b,382s stack positions out of 5000i,500n,10000p,200000b,50000s
<C:/Users/DAVIDCORZO/AppData/Local/Programs/MiKTeX 2.9/fonts/type1/public/amsfonts/cm/cmbx12.pfb><C:/Users/DAVIDCORZO/AppData/Local/Programs/MiKTeX 2.9/fonts/type1/public/amsfonts/cm/cmbxti10.pfb><C:/Users/DAVIDCORZO/AppData/Local/Programs/MiKTeX 2.9/fonts/type1/public/amsfonts/cm/cmr10.pfb><C:/Users/DAVIDCORZO/AppData/Local/Programs/MiKTeX 2.9/fonts/type1/public/amsfonts/cm/cmr12.pfb><C:/Users/DAVIDCORZO/AppData/Local/Programs/MiKTeX 2.9/fonts/type1/public/amsfonts/cm/cmr17.pfb><C:/Users/DAVIDCORZO/AppData/Local/Programs/MiKTeX 2.9/fonts/type1/public/amsfonts/cm/cmsl10.pfb><C:/Users/DAVIDCORZO/AppData/Local/Programs/MiKTeX 2.9/fonts/type1/public/amsfonts/cm/cmsy10.pfb><C:/Users/DAVIDCORZO/AppData/Local/Programs/MiKTeX 2.9/fonts/type1/public/amsfonts/cm/cmti10.pfb>
Output written on d:/UFM-Cursos\Semestre_2-[Julio-Diciembre_2019]\______SumaDeCursosUFM1.2______\____Programacion_2-Notas____\Progra2.pdf (6 pages, 105590 bytes).
PDF statistics:
 53 PDF objects out of 1000 (max. 8388607)
 0 named destinations out of 1000 (max. 500000)
 1 words of extra memory for PDF output out of 10000 (max. 10000000)

