This is pdfTeX, Version 3.14159265-2.6-1.40.20 (MiKTeX 2.9.7140 64-bit) (preloaded format=pdflatex 2019.9.28)  5 NOV 2019 07:20
entering extended mode
**d:/UFM-Cursos/Semestre_2-[Julio-Diciembre_2019]/______SumaDeCursosUFM1.2______/____Economia_II-Notas____/Econo_II-Notas.tex
(d:/UFM-Cursos/Semestre_2-[Julio-Diciembre_2019]/______SumaDeCursosUFM1.2______/____Economia_II-Notas____/Econo_II-Notas.tex
LaTeX2e <2018-12-01>
("C:\Users\DAVIDCORZO\AppData\Local\Programs\MiKTeX 2.9\tex/latex/base\book.cls"
Document Class: book 2018/09/03 v1.4i Standard LaTeX document class
("C:\Users\DAVIDCORZO\AppData\Local\Programs\MiKTeX 2.9\tex/latex/base\bk10.clo"
File: bk10.clo 2018/09/03 v1.4i Standard LaTeX file (size option)
)
\c@part=\count80
\c@chapter=\count81
\c@section=\count82
\c@subsection=\count83
\c@subsubsection=\count84
\c@paragraph=\count85
\c@subparagraph=\count86
\c@figure=\count87
\c@table=\count88
\abovecaptionskip=\skip41
\belowcaptionskip=\skip42
\bibindent=\dimen102
) ("C:\Users\DAVIDCORZO\AppData\Local\Programs\MiKTeX 2.9\tex/latex/geometry\geometry.sty"
Package: geometry 2018/04/16 v5.8 Page Geometry
 ("C:\Users\DAVIDCORZO\AppData\Local\Programs\MiKTeX 2.9\tex/latex/graphics\keyval.sty"
Package: keyval 2014/10/28 v1.15 key=value parser (DPC)
\KV@toks@=\toks14
) ("C:\Users\DAVIDCORZO\AppData\Local\Programs\MiKTeX 2.9\tex/generic/oberdiek\ifpdf.sty"
Package: ifpdf 2018/09/07 v3.3 Provides the ifpdf switch
) ("C:\Users\DAVIDCORZO\AppData\Local\Programs\MiKTeX 2.9\tex/generic/oberdiek\ifvtex.sty"
Package: ifvtex 2016/05/16 v1.6 Detect VTeX and its facilities (HO)
Package ifvtex Info: VTeX not detected.
) ("C:\Users\DAVIDCORZO\AppData\Local\Programs\MiKTeX 2.9\tex/generic/ifxetex\ifxetex.sty"
Package: ifxetex 2010/09/12 v0.6 Provides ifxetex conditional
)
\Gm@cnth=\count89
\Gm@cntv=\count90
\c@Gm@tempcnt=\count91
\Gm@bindingoffset=\dimen103
\Gm@wd@mp=\dimen104
\Gm@odd@mp=\dimen105
\Gm@even@mp=\dimen106
\Gm@layoutwidth=\dimen107
\Gm@layoutheight=\dimen108
\Gm@layouthoffset=\dimen109
\Gm@layoutvoffset=\dimen110
\Gm@dimlist=\toks15
 ("C:\Users\DAVIDCORZO\AppData\Local\Programs\MiKTeX 2.9\tex/latex/geometry\geometry.cfg")) ("C:\Users\DAVIDCORZO\AppData\Local\Programs\MiKTeX 2.9\tex/latex/graphics\graphicx.sty"
Package: graphicx 2017/06/01 v1.1a Enhanced LaTeX Graphics (DPC,SPQR)
 ("C:\Users\DAVIDCORZO\AppData\Local\Programs\MiKTeX 2.9\tex/latex/graphics\graphics.sty"
Package: graphics 2017/06/25 v1.2c Standard LaTeX Graphics (DPC,SPQR)
 ("C:\Users\DAVIDCORZO\AppData\Local\Programs\MiKTeX 2.9\tex/latex/graphics\trig.sty"
Package: trig 2016/01/03 v1.10 sin cos tan (DPC)
) ("C:\Users\DAVIDCORZO\AppData\Local\Programs\MiKTeX 2.9\tex/latex/graphics-cfg\graphics.cfg"
File: graphics.cfg 2016/06/04 v1.11 sample graphics configuration
)
Package graphics Info: Driver file: pdftex.def on input line 99.
 ("C:\Users\DAVIDCORZO\AppData\Local\Programs\MiKTeX 2.9\tex/latex/graphics-def\pdftex.def"
File: pdftex.def 2018/01/08 v1.0l Graphics/color driver for pdftex
))
\Gin@req@height=\dimen111
\Gin@req@width=\dimen112
) ("C:\Users\DAVIDCORZO\AppData\Local\Programs\MiKTeX 2.9\tex/latex/base\fontenc.sty"
Package: fontenc 2018/08/11 v2.0j Standard LaTeX package
) ("C:\Users\DAVIDCORZO\AppData\Local\Programs\MiKTeX 2.9\tex/generic/babel\babel.sty"
Package: babel 2019/07/19 3.33 The Babel package
 ("C:\Users\DAVIDCORZO\AppData\Local\Programs\MiKTeX 2.9\tex/generic/babel\switch.def"
File: switch.def 2019/07/19 3.33 Babel switching mechanism
)
*************************************
* Local config file bblopts.cfg used
*
("C:\Users\DAVIDCORZO\AppData\Local\Programs\MiKTeX 2.9\tex/latex/arabi\bblopts.cfg"
File: bblopts.cfg 2005/09/08 v0.1 add Arabic and Farsi to "declared" options of babel
) ("C:\Users\DAVIDCORZO\AppData\Local\Programs\MiKTeX 2.9\tex/latex/babel-spanish\spanish.ldf"
Language: spanish.ldf 2016/03/03 v5.0p Spanish support from the babel system
 ("C:\Users\DAVIDCORZO\AppData\Local\Programs\MiKTeX 2.9\tex/generic/babel\babel.def"
File: babel.def 2019/07/19 3.33 Babel common definitions
\babel@savecnt=\count92
\U@D=\dimen113
 ("C:\Users\DAVIDCORZO\AppData\Local\Programs\MiKTeX 2.9\tex/generic/babel\txtbabel.def")
\bbl@dirlevel=\count93
)
\es@quottoks=\toks16
\es@quotdepth=\count94
Package babel Info: Making " an active character on input line 561.
Package babel Info: Making . an active character on input line 662.
Package babel Info: Making < an active character on input line 707.
Package babel Info: Making > an active character on input line 707.
)) ("C:\Users\DAVIDCORZO\AppData\Local\Programs\MiKTeX 2.9\tex/latex/amsmath\amsmath.sty"
Package: amsmath 2018/12/01 v2.17b AMS math features
\@mathmargin=\skip43

For additional information on amsmath, use the `?' option.
("C:\Users\DAVIDCORZO\AppData\Local\Programs\MiKTeX 2.9\tex/latex/amsmath\amstext.sty"
Package: amstext 2000/06/29 v2.01 AMS text
 ("C:\Users\DAVIDCORZO\AppData\Local\Programs\MiKTeX 2.9\tex/latex/amsmath\amsgen.sty"
File: amsgen.sty 1999/11/30 v2.0 generic functions
\@emptytoks=\toks17
\ex@=\dimen114
)) ("C:\Users\DAVIDCORZO\AppData\Local\Programs\MiKTeX 2.9\tex/latex/amsmath\amsbsy.sty"
Package: amsbsy 1999/11/29 v1.2d Bold Symbols
\pmbraise@=\dimen115
) ("C:\Users\DAVIDCORZO\AppData\Local\Programs\MiKTeX 2.9\tex/latex/amsmath\amsopn.sty"
Package: amsopn 2016/03/08 v2.02 operator names
)
\inf@bad=\count95
LaTeX Info: Redefining \frac on input line 223.
\uproot@=\count96
\leftroot@=\count97
LaTeX Info: Redefining \overline on input line 385.
\classnum@=\count98
\DOTSCASE@=\count99
LaTeX Info: Redefining \ldots on input line 482.
LaTeX Info: Redefining \dots on input line 485.
LaTeX Info: Redefining \cdots on input line 606.
\Mathstrutbox@=\box27
\strutbox@=\box28
\big@size=\dimen116
LaTeX Font Info:    Redeclaring font encoding OML on input line 729.
LaTeX Font Info:    Redeclaring font encoding OMS on input line 730.
\macc@depth=\count100
\c@MaxMatrixCols=\count101
\dotsspace@=\muskip10
\c@parentequation=\count102
\dspbrk@lvl=\count103
\tag@help=\toks18
\row@=\count104
\column@=\count105
\maxfields@=\count106
\andhelp@=\toks19
\eqnshift@=\dimen117
\alignsep@=\dimen118
\tagshift@=\dimen119
\tagwidth@=\dimen120
\totwidth@=\dimen121
\lineht@=\dimen122
\@envbody=\toks20
\multlinegap=\skip44
\multlinetaggap=\skip45
\mathdisplay@stack=\toks21
LaTeX Info: Redefining \[ on input line 2844.
LaTeX Info: Redefining \] on input line 2845.
) ("C:\Users\DAVIDCORZO\AppData\Local\Programs\MiKTeX 2.9\tex/latex/amscls\amsthm.sty"
Package: amsthm 2017/10/31 v2.20.4
\thm@style=\toks22
\thm@bodyfont=\toks23
\thm@headfont=\toks24
\thm@notefont=\toks25
\thm@headpunct=\toks26
\thm@preskip=\skip46
\thm@postskip=\skip47
\thm@headsep=\skip48
\dth@everypar=\toks27
) ("C:\Users\DAVIDCORZO\AppData\Local\Programs\MiKTeX 2.9\tex/latex/base\inputenc.sty"
Package: inputenc 2018/08/11 v1.3c Input encoding file
\inpenc@prehook=\toks28
\inpenc@posthook=\toks29
) ("C:\Users\DAVIDCORZO\AppData\Local\Programs\MiKTeX 2.9\tex/latex/enumitem\enumitem.sty"
Package: enumitem 2019/06/20 v3.9 Customized lists
\labelindent=\skip49
\enit@outerparindent=\dimen123
\enit@toks=\toks30
\enit@inbox=\box29
\enit@count@id=\count107
\enitdp@description=\count108
) ("C:\Users\DAVIDCORZO\AppData\Local\Programs\MiKTeX 2.9\tex/latex/mathtools\mathtools.sty"
Package: mathtools 2019/07/31 v1.22 mathematical typesetting tools
 ("C:\Users\DAVIDCORZO\AppData\Local\Programs\MiKTeX 2.9\tex/latex/tools\calc.sty"
Package: calc 2017/05/25 v4.3 Infix arithmetic (KKT,FJ)
\calc@Acount=\count109
\calc@Bcount=\count110
\calc@Adimen=\dimen124
\calc@Bdimen=\dimen125
\calc@Askip=\skip50
\calc@Bskip=\skip51
LaTeX Info: Redefining \setlength on input line 80.
LaTeX Info: Redefining \addtolength on input line 81.
\calc@Ccount=\count111
\calc@Cskip=\skip52
) ("C:\Users\DAVIDCORZO\AppData\Local\Programs\MiKTeX 2.9\tex/latex/mathtools\mhsetup.sty"
Package: mhsetup 2017/03/31 v1.3 programming setup (MH)
)
LaTeX Info: Thecontrolsequence`\('isalreadyrobust on input line 129.
LaTeX Info: Thecontrolsequence`\)'isalreadyrobust on input line 129.
LaTeX Info: Thecontrolsequence`\['isalreadyrobust on input line 129.
LaTeX Info: Thecontrolsequence`\]'isalreadyrobust on input line 129.
\g_MT_multlinerow_int=\count112
\l_MT_multwidth_dim=\dimen126
\origjot=\skip53
\l_MT_shortvdotswithinadjustabove_dim=\dimen127
\l_MT_shortvdotswithinadjustbelow_dim=\dimen128
\l_MT_above_intertext_sep=\dimen129
\l_MT_below_intertext_sep=\dimen130
\l_MT_above_shortintertext_sep=\dimen131
\l_MT_below_shortintertext_sep=\dimen132
) ("C:\Users\DAVIDCORZO\AppData\Local\Programs\MiKTeX 2.9\tex/latex/import\import.sty"
Package: import 2009/03/23  v 5.1
) ("C:\Users\DAVIDCORZO\AppData\Local\Programs\MiKTeX 2.9\tex/latex/xifthen\xifthen.sty"
Package: xifthen 2015/11/05 v1.4.0 Extended ifthen features
 ("C:\Users\DAVIDCORZO\AppData\Local\Programs\MiKTeX 2.9\tex/latex/base\ifthen.sty"
Package: ifthen 2014/09/29 v1.1c Standard LaTeX ifthen package (DPC)
) ("C:\Users\DAVIDCORZO\AppData\Local\Programs\MiKTeX 2.9\tex/latex/ifmtarg\ifmtarg.sty"
Package: ifmtarg 2018/04/16 v1.2b check for an empty argument
)) ("C:\Users\DAVIDCORZO\AppData\Local\Programs\MiKTeX 2.9\tex/latex/pdfpages\pdfpages.sty"
Package: pdfpages 2019/09/21 v0.5n Insert pages of external PDF documents (AM)
 ("C:\Users\DAVIDCORZO\AppData\Local\Programs\MiKTeX 2.9\tex/latex/eso-pic\eso-pic.sty"
Package: eso-pic 2018/04/12 v2.0h eso-pic (RN)
 ("C:\Users\DAVIDCORZO\AppData\Local\Programs\MiKTeX 2.9\tex/generic/oberdiek\atbegshi.sty"
Package: atbegshi 2016/06/09 v1.18 At begin shipout hook (HO)
 ("C:\Users\DAVIDCORZO\AppData\Local\Programs\MiKTeX 2.9\tex/generic/oberdiek\infwarerr.sty"
Package: infwarerr 2016/05/16 v1.4 Providing info/warning/error messages (HO)
) ("C:\Users\DAVIDCORZO\AppData\Local\Programs\MiKTeX 2.9\tex/generic/oberdiek\ltxcmds.sty"
Package: ltxcmds 2016/05/16 v1.23 LaTeX kernel commands for general use (HO)
)) ("C:\Users\DAVIDCORZO\AppData\Local\Programs\MiKTeX 2.9\tex/latex/xcolor\xcolor.sty"
Package: xcolor 2016/05/11 v2.12 LaTeX color extensions (UK)
 ("C:\Users\DAVIDCORZO\AppData\Local\Programs\MiKTeX 2.9\tex/latex/graphics-cfg\color.cfg"
File: color.cfg 2016/01/02 v1.6 sample color configuration
)
Package xcolor Info: Driver file: pdftex.def on input line 225.
Package xcolor Info: Model `cmy' substituted by `cmy0' on input line 1348.
Package xcolor Info: Model `hsb' substituted by `rgb' on input line 1352.
Package xcolor Info: Model `RGB' extended on input line 1364.
Package xcolor Info: Model `HTML' substituted by `rgb' on input line 1366.
Package xcolor Info: Model `Hsb' substituted by `hsb' on input line 1367.
Package xcolor Info: Model `tHsb' substituted by `hsb' on input line 1368.
Package xcolor Info: Model `HSB' substituted by `hsb' on input line 1369.
Package xcolor Info: Model `Gray' substituted by `gray' on input line 1370.
Package xcolor Info: Model `wave' substituted by `hsb' on input line 1371.
))
\AM@pagewidth=\dimen133
\AM@pageheight=\dimen134
 ("C:\Users\DAVIDCORZO\AppData\Local\Programs\MiKTeX 2.9\tex/latex/pdfpages\pppdftex.def"
File: pppdftex.def 2019/09/21 v0.5n Pdfpages driver for pdfTeX (AM)
)
\AM@pagebox=\box30
\AM@global@opts=\toks31
\AM@toc@title=\toks32
\c@AM@survey=\count113
\AM@templatesizebox=\box31
) ("C:\Users\DAVIDCORZO\AppData\Local\Programs\MiKTeX 2.9\tex/latex/oberdiek\transparent.sty"
Package: transparent 2018/11/18 v1.3 Transparency via pdfTeX's color stack (HO)
 ("C:\Users\DAVIDCORZO\AppData\Local\Programs\MiKTeX 2.9\tex/latex/oberdiek\auxhook.sty"
Package: auxhook 2016/05/16 v1.4 Hooks for auxiliary files (HO)
)) ("C:\Users\DAVIDCORZO\AppData\Local\Programs\MiKTeX 2.9\tex/latex/tools\array.sty"
Package: array 2018/12/30 v2.4k Tabular extension package (FMi)
\col@sep=\dimen135
\ar@mcellbox=\box32
\extrarowheight=\dimen136
\NC@list=\toks33
\extratabsurround=\skip54
\backup@length=\skip55
\ar@cellbox=\box33
) ("C:\Users\DAVIDCORZO\AppData\Local\Programs\MiKTeX 2.9\tex/latex/booktabs\booktabs.sty"
Package: booktabs 2005/04/14 v1.61803 publication quality tables
\heavyrulewidth=\dimen137
\lightrulewidth=\dimen138
\cmidrulewidth=\dimen139
\belowrulesep=\dimen140
\belowbottomsep=\dimen141
\aboverulesep=\dimen142
\abovetopsep=\dimen143
\cmidrulesep=\dimen144
\cmidrulekern=\dimen145
\defaultaddspace=\dimen146
\@cmidla=\count114
\@cmidlb=\count115
\@aboverulesep=\dimen147
\@belowrulesep=\dimen148
\@thisruleclass=\count116
\@lastruleclass=\count117
\@thisrulewidth=\dimen149
) ("C:\Users\DAVIDCORZO\AppData\Local\Programs\MiKTeX 2.9\tex/latex/etaremune\etaremune.sty"
Package: etaremune 2005/06/01 v1.2 Reversed enumerate (HA)
 ("C:\Users\DAVIDCORZO\AppData\Local\Programs\MiKTeX 2.9\tex/latex/xkeyval\xkeyval.sty"
Package: xkeyval 2014/12/03 v2.7a package option processing (HA)
 ("C:\Users\DAVIDCORZO\AppData\Local\Programs\MiKTeX 2.9\tex/generic/xkeyval\xkeyval.tex" ("C:\Users\DAVIDCORZO\AppData\Local\Programs\MiKTeX 2.9\tex/generic/xkeyval\xkvutils.tex"
\XKV@toks=\toks34
\XKV@tempa@toks=\toks35
)
\XKV@depth=\count118
File: xkeyval.tex 2014/12/03 v2.7a key=value parser (HA)
))
\c@EM@itemctr=\count119
\c@EM@etaremunectr=\count120
) ("C:\Users\DAVIDCORZO\AppData\Local\Programs\MiKTeX 2.9\tex/latex/oberdiek\bookmark.sty"
Package: bookmark 2019/06/04 v1.27 PDF bookmarks (HO)
 ("C:\Users\DAVIDCORZO\AppData\Local\Programs\MiKTeX 2.9\tex/generic/oberdiek\pdfescape.sty"
Package: pdfescape 2016/05/16 v1.14 Implements pdfTeX's escape features (HO)
 ("C:\Users\DAVIDCORZO\AppData\Local\Programs\MiKTeX 2.9\tex/generic/oberdiek\pdftexcmds.sty"
Package: pdftexcmds 2019/07/25 v0.30 Utility functions of pdfTeX for LuaTeX (HO)
 ("C:\Users\DAVIDCORZO\AppData\Local\Programs\MiKTeX 2.9\tex/generic/oberdiek\ifluatex.sty"
Package: ifluatex 2016/05/16 v1.4 Provides the ifluatex switch (HO)
Package ifluatex Info: LuaTeX not detected.
)
Package pdftexcmds Info: LuaTeX not detected.
Package pdftexcmds Info: \pdf@primitive is available.
Package pdftexcmds Info: \pdf@ifprimitive is available.
Package pdftexcmds Info: \pdfdraftmode found.
)) ("C:\Users\DAVIDCORZO\AppData\Local\Programs\MiKTeX 2.9\tex/latex/hyperref\hyperref.sty"
Package: hyperref 2019/09/12 v6.88i Hypertext links for LaTeX
 ("C:\Users\DAVIDCORZO\AppData\Local\Programs\MiKTeX 2.9\tex/generic/oberdiek\hobsub-hyperref.sty"
Package: hobsub-hyperref 2016/05/16 v1.14 Bundle oberdiek, subset hyperref (HO)
 ("C:\Users\DAVIDCORZO\AppData\Local\Programs\MiKTeX 2.9\tex/generic/oberdiek\hobsub-generic.sty"
Package: hobsub-generic 2016/05/16 v1.14 Bundle oberdiek, subset generic (HO)
Package: hobsub 2016/05/16 v1.14 Construct package bundles (HO)
Package hobsub Info: Skipping package `infwarerr' (already loaded).
Package hobsub Info: Skipping package `ltxcmds' (already loaded).
Package hobsub Info: Skipping package `ifluatex' (already loaded).
Package hobsub Info: Skipping package `ifvtex' (already loaded).
Package: intcalc 2016/05/16 v1.2 Expandable calculations with integers (HO)
Package hobsub Info: Skipping package `ifpdf' (already loaded).
Package: etexcmds 2016/05/16 v1.6 Avoid name clashes with e-TeX commands (HO)
Package: kvsetkeys 2016/05/16 v1.17 Key value parser (HO)
Package: kvdefinekeys 2016/05/16 v1.4 Define keys (HO)
Package hobsub Info: Skipping package `pdftexcmds' (already loaded).
Package hobsub Info: Skipping package `pdfescape' (already loaded).
Package: bigintcalc 2016/05/16 v1.4 Expandable calculations on big integers (HO)
Package: bitset 2016/05/16 v1.2 Handle bit-vector datatype (HO)
Package: uniquecounter 2016/05/16 v1.3 Provide unlimited unique counter (HO)
)
Package hobsub Info: Skipping package `hobsub' (already loaded).
Package: letltxmacro 2016/05/16 v1.5 Let assignment for LaTeX macros (HO)
Package: hopatch 2016/05/16 v1.3 Wrapper for package hooks (HO)
Package: xcolor-patch 2016/05/16 xcolor patch
Package: atveryend 2016/05/16 v1.9 Hooks at the very end of document (HO)
Package atveryend Info: \enddocument detected (standard20110627).
Package hobsub Info: Skipping package `atbegshi' (already loaded).
Package: refcount 2016/05/16 v3.5 Data extraction from label references (HO)
Package: hycolor 2016/05/16 v1.8 Color options for hyperref/bookmark (HO)
) ("C:\Users\DAVIDCORZO\AppData\Local\Programs\MiKTeX 2.9\tex/latex/oberdiek\kvoptions.sty"
Package: kvoptions 2016/05/16 v3.12 Key value format for package options (HO)
)
\@linkdim=\dimen150
\Hy@linkcounter=\count121
\Hy@pagecounter=\count122
 ("C:\Users\DAVIDCORZO\AppData\Local\Programs\MiKTeX 2.9\tex/latex/hyperref\pd1enc.def"
File: pd1enc.def 2019/09/12 v6.88i Hyperref: PDFDocEncoding definition (HO)
Now handling font encoding PD1 ...
... no UTF-8 mapping file for font encoding PD1
)
\Hy@SavedSpaceFactor=\count123
 ("C:\Users\DAVIDCORZO\AppData\Local\Programs\MiKTeX 2.9\tex/latex/00miktex\hyperref.cfg"
File: hyperref.cfg 2002/06/06 v1.2 hyperref configuration of TeXLive
)
Package hyperref Info: Hyper figures OFF on input line 4550.
Package hyperref Info: Link nesting OFF on input line 4555.
Package hyperref Info: Hyper index ON on input line 4558.
Package hyperref Info: Plain pages OFF on input line 4565.
Package hyperref Info: Backreferencing OFF on input line 4570.
Package hyperref Info: Implicit mode ON; LaTeX internals redefined.
Package hyperref Info: Bookmarks ON on input line 4803.
\c@Hy@tempcnt=\count124
 ("C:\Users\DAVIDCORZO\AppData\Local\Programs\MiKTeX 2.9\tex/latex/url\url.sty"
\Urlmuskip=\muskip11
Package: url 2013/09/16  ver 3.4  Verb mode for urls, etc.
)
LaTeX Info: Redefining \url on input line 5156.
\XeTeXLinkMargin=\dimen151
\Fld@menulength=\count125
\Field@Width=\dimen152
\Fld@charsize=\dimen153
Package hyperref Info: Hyper figures OFF on input line 6411.
Package hyperref Info: Link nesting OFF on input line 6416.
Package hyperref Info: Hyper index ON on input line 6419.
Package hyperref Info: backreferencing OFF on input line 6426.
Package hyperref Info: Link coloring OFF on input line 6431.
Package hyperref Info: Link coloring with OCG OFF on input line 6436.
Package hyperref Info: PDF/A mode OFF on input line 6441.
LaTeX Info: Redefining \ref on input line 6481.
LaTeX Info: Redefining \pageref on input line 6485.
\Hy@abspage=\count126
\c@Item=\count127
\c@Hfootnote=\count128
)
Package hyperref Info: Driver (autodetected): hpdftex.
 ("C:\Users\DAVIDCORZO\AppData\Local\Programs\MiKTeX 2.9\tex/latex/hyperref\hpdftex.def"
File: hpdftex.def 2019/09/12 v6.88i Hyperref driver for pdfTeX
\Fld@listcount=\count129
\c@bookmark@seq@number=\count130
 ("C:\Users\DAVIDCORZO\AppData\Local\Programs\MiKTeX 2.9\tex/latex/oberdiek\rerunfilecheck.sty"
Package: rerunfilecheck 2016/05/16 v1.8 Rerun checks for auxiliary files (HO)
Package uniquecounter Info: New unique counter `rerunfilecheck' on input line 282.
)
\Hy@SectionHShift=\skip56
) ("C:\Users\DAVIDCORZO\AppData\Local\Programs\MiKTeX 2.9\tex/latex/oberdiek\bkm-pdftex.def"
File: bkm-pdftex.def 2019/06/04 v1.27 bookmark driver for pdfTeX (HO)
\BKM@id=\count131
)) ("C:\Users\DAVIDCORZO\AppData\Local\Programs\MiKTeX 2.9\tex/latex/eurosym\eurosym.sty"
Package: eurosym 1998/08/06 v1.1 European currency symbol ``Euro''
\@eurobox=\box34
) (d:/UFM-Cursos\Semestre_2-[Julio-Diciembre_2019]\______SumaDeCursosUFM1.2______\____Economia_II-Notas____\Econo_II-Notas.aux
LaTeX Info: Redefining \. on input line 25.
LaTeX Info: Redefining \% on input line 25.


LaTeX Warning: Label `' multiply defined.


LaTeX Warning: Label `' multiply defined.


LaTeX Warning: Label `' multiply defined.


LaTeX Warning: Label `' multiply defined.


LaTeX Warning: Label `' multiply defined.


LaTeX Warning: Label `' multiply defined.


LaTeX Warning: Label `' multiply defined.


LaTeX Warning: Label `' multiply defined.


LaTeX Warning: Label `' multiply defined.


LaTeX Warning: Label `' multiply defined.

)
\openout1 = `Econo_II-Notas.aux'.

LaTeX Font Info:    Checking defaults for OML/cmm/m/it on input line 29.
LaTeX Font Info:    ... okay on input line 29.
LaTeX Font Info:    Checking defaults for T1/cmr/m/n on input line 29.
LaTeX Font Info:    ... okay on input line 29.
LaTeX Font Info:    Checking defaults for OT1/cmr/m/n on input line 29.
LaTeX Font Info:    ... okay on input line 29.
LaTeX Font Info:    Checking defaults for OMS/cmsy/m/n on input line 29.
LaTeX Font Info:    ... okay on input line 29.
LaTeX Font Info:    Checking defaults for OMX/cmex/m/n on input line 29.
LaTeX Font Info:    ... okay on input line 29.
LaTeX Font Info:    Checking defaults for U/cmr/m/n on input line 29.
LaTeX Font Info:    ... okay on input line 29.
LaTeX Font Info:    Checking defaults for PD1/pdf/m/n on input line 29.
LaTeX Font Info:    ... okay on input line 29.

*geometry* driver: auto-detecting
*geometry* detected driver: pdftex
*geometry* verbose mode - [ preamble ] result:
* driver: pdftex
* paper: <default>
* layout: <same size as paper>
* layoutoffset:(h,v)=(0.0pt,0.0pt)
* modes: twoside 
* h-part:(L,W,R)=(72.26999pt, 469.75502pt, 72.26999pt)
* v-part:(T,H,B)=(72.26999pt, 650.43001pt, 72.26999pt)
* \paperwidth=614.295pt
* \paperheight=794.96999pt
* \textwidth=469.75502pt
* \textheight=650.43001pt
* \oddsidemargin=0.0pt
* \evensidemargin=0.0pt
* \topmargin=-30.06749pt
* \headheight=12.0pt
* \headsep=18.06749pt
* \topskip=10.0pt
* \footskip=25.29494pt
* \marginparwidth=125.0pt
* \marginparsep=7.0pt
* \columnsep=10.0pt
* \skip\footins=9.0pt plus 4.0pt minus 2.0pt
* \hoffset=0.0pt
* \voffset=0.0pt
* \mag=1000
* \@twocolumnfalse
* \@twosidetrue
* \@mparswitchtrue
* \@reversemarginfalse
* (1in=72.27pt=25.4mm, 1cm=28.453pt)

("C:\Users\DAVIDCORZO\AppData\Local\Programs\MiKTeX 2.9\tex/context/base/mkii\supp-pdf.mkii"
[Loading MPS to PDF converter (version 2006.09.02).]
\scratchcounter=\count132
\scratchdimen=\dimen154
\scratchbox=\box35
\nofMPsegments=\count133
\nofMParguments=\count134
\everyMPshowfont=\toks36
\MPscratchCnt=\count135
\MPscratchDim=\dimen155
\MPnumerator=\count136
\makeMPintoPDFobject=\count137
\everyMPtoPDFconversion=\toks37
) ("C:\Users\DAVIDCORZO\AppData\Local\Programs\MiKTeX 2.9\tex/latex/oberdiek\epstopdf-base.sty"
Package: epstopdf-base 2016/05/15 v2.6 Base part for package epstopdf
 ("C:\Users\DAVIDCORZO\AppData\Local\Programs\MiKTeX 2.9\tex/latex/oberdiek\grfext.sty"
Package: grfext 2016/05/16 v1.2 Manage graphics extensions (HO)
)
Package epstopdf-base Info: Redefining graphics rule for `.eps' on input line 438.
Package grfext Info: Graphics extension search list:
(grfext)             [.pdf,.png,.jpg,.mps,.jpeg,.jbig2,.jb2,.PDF,.PNG,.JPG,.JPEG,.JBIG2,.JB2,.eps]
(grfext)             \AppendGraphicsExtensions on input line 456.
)
LaTeX Info: Redefining \. on input line 29.
LaTeX Info: Redefining \% on input line 29.
\AtBeginShipoutBox=\box36
 ("C:\Users\DAVIDCORZO\AppData\Local\Programs\MiKTeX 2.9\tex/latex/oberdiek\pdflscape.sty"
Package: pdflscape 2016/05/14 v0.11 Display of landscape pages in PDF (HO)
 ("C:\Users\DAVIDCORZO\AppData\Local\Programs\MiKTeX 2.9\tex/latex/graphics\lscape.sty"
Package: lscape 2000/10/22 v3.01 Landscape Pages (DPC)
)
Package pdflscape Info: Auto-detected driver: pdftex on input line 81.
)
Package hyperref Info: Link coloring OFF on input line 29.
 ("C:\Users\DAVIDCORZO\AppData\Local\Programs\MiKTeX 2.9\tex/latex/hyperref\nameref.sty"
Package: nameref 2019/09/12 v2.45 Cross-referencing by name of section
 ("C:\Users\DAVIDCORZO\AppData\Local\Programs\MiKTeX 2.9\tex/generic/oberdiek\gettitlestring.sty"
Package: gettitlestring 2016/05/16 v1.5 Cleanup title references (HO)
)
\c@section@level=\count138
)
LaTeX Info: Redefining \ref on input line 29.
LaTeX Info: Redefining \pageref on input line 29.
LaTeX Info: Redefining \nameref on input line 29.
 [1


{C:/Users/DAVIDCORZO/AppData/Local/MiKTeX/2.9/pdftex/config/pdftex.map}] [2

] (d:/UFM-Cursos\Semestre_2-[Julio-Diciembre_2019]\______SumaDeCursosUFM1.2______\____Economia_II-Notas____\Econo_II-Notas.toc
LaTeX Info: Redefining \. on input line 1.
LaTeX Info: Redefining \% on input line 1.
 [3]
LaTeX Info: Redefining \. on input line 82.
LaTeX Info: Redefining \% on input line 82.
 [4]
LaTeX Info: Redefining \. on input line 127.
LaTeX Info: Redefining \% on input line 127.
 [5])
\tf@toc=\write3
\openout3 = `Econo_II-Notas.toc'.

LaTeX Info: Redefining \. on input line 33.
LaTeX Info: Redefining \% on input line 33.
 [6] [7

] [8]
Cap\'{\i }tulo 1.
(d:/UFM-Cursos\Semestre_2-[Julio-Diciembre_2019]\______SumaDeCursosUFM1.2______\____Economia_II-Notas____\Classes/01.tex
LaTeX Font Info:    Try loading font information for OMS+cmr on input line 6.
 ("C:\Users\DAVIDCORZO\AppData\Local\Programs\MiKTeX 2.9\tex/latex/base\omscmr.fd"
File: omscmr.fd 2014/09/29 v2.5h Standard LaTeX font definitions
)
LaTeX Font Info:    Font shape `OMS/cmr/m/n' in size <10> not available
(Font)              Font shape `OMS/cmsy/m/n' tried instead on input line 6.
) [9

]
LaTeX Info: Redefining \. on input line 38.
LaTeX Info: Redefining \% on input line 38.
 [10

]
Cap\'{\i }tulo 2.
(d:/UFM-Cursos\Semestre_2-[Julio-Diciembre_2019]\______SumaDeCursosUFM1.2______\____Economia_II-Notas____\Classes/02.tex
<Classes/Images/2019-07-24-1.jpg, id=364, 1959.32pt x 3436.84pt>
File: Classes/Images/2019-07-24-1.jpg Graphic file (type jpg)
<use Classes/Images/2019-07-24-1.jpg>
Package pdftex.def Info: Classes/Images/2019-07-24-1.jpg  used on input line 12.
(pdftex.def)             Requested size: 170.71652pt x 299.44318pt.
<Classes/Images/2019-07-24-2.jpg, id=365, 1830.84pt x 3822.28pt>
File: Classes/Images/2019-07-24-2.jpg Graphic file (type jpg)
<use Classes/Images/2019-07-24-2.jpg>
Package pdftex.def Info: Classes/Images/2019-07-24-2.jpg  used on input line 22.
(pdftex.def)             Requested size: 170.71652pt x 356.35489pt.
 [11 <d:/UFM-Cursos/Semestre_2-[Julio-Diciembre_2019]/______SumaDeCursosUFM1.2______/____Economia_II-Notas____/Classes/Images/2019-07-24-1.jpg>]
<Classes/Images/2019-07-24-3.jpg, id=371, 2055.68pt x 3790.16pt>
File: Classes/Images/2019-07-24-3.jpg Graphic file (type jpg)
<use Classes/Images/2019-07-24-3.jpg>
Package pdftex.def Info: Classes/Images/2019-07-24-3.jpg  used on input line 36.
(pdftex.def)             Requested size: 170.71652pt x 314.72778pt.
LaTeX Info: Redefining \. on input line 47.
LaTeX Info: Redefining \% on input line 47.
 [12 <d:/UFM-Cursos/Semestre_2-[Julio-Diciembre_2019]/______SumaDeCursosUFM1.2______/____Economia_II-Notas____/Classes/Images/2019-07-24-2.jpg> <d:/UFM-Cursos/Semestre_2-[Julio-Diciembre_2019]/______SumaDeCursosUFM1.2______/____Economia_II-Notas____/Classes/Images/2019-07-24-3.jpg>]
<Classes/Images/2019-07-24-4.jpg, id=378, 2601.72pt x 3179.88pt>
File: Classes/Images/2019-07-24-4.jpg Graphic file (type jpg)
<use Classes/Images/2019-07-24-4.jpg>
Package pdftex.def Info: Classes/Images/2019-07-24-4.jpg  used on input line 50.
(pdftex.def)             Requested size: 227.62204pt x 278.17088pt.
)
LaTeX Info: Redefining \. on input line 41.
LaTeX Info: Redefining \% on input line 41.
 [13 <d:/UFM-Cursos/Semestre_2-[Julio-Diciembre_2019]/______SumaDeCursosUFM1.2______/____Economia_II-Notas____/Classes/Images/2019-07-24-4.jpg>]
LaTeX Info: Redefining \. on input line 41.
LaTeX Info: Redefining \% on input line 41.
 [14

]
Cap\'{\i }tulo 3.
(d:/UFM-Cursos\Semestre_2-[Julio-Diciembre_2019]\______SumaDeCursosUFM1.2______\____Economia_II-Notas____\Classes/03.tex
Underfull \hbox (badness 10000) in paragraph at lines 2--8

 []


Underfull \hbox (badness 10000) in paragraph at lines 24--28

 []

[15]
Underfull \hbox (badness 10000) in paragraph at lines 30--31

 []


Underfull \hbox (badness 10000) in paragraph at lines 32--33

 []

LaTeX Font Info:    Try loading font information for U+lasy on input line 41.
("C:\Users\DAVIDCORZO\AppData\Local\Programs\MiKTeX 2.9\tex/latex/base\ulasy.fd"
File: ulasy.fd 1998/08/17 v2.2e LaTeX symbol font definitions
))
LaTeX Info: Redefining \. on input line 44.
LaTeX Info: Redefining \% on input line 44.
 [16]
Cap\'{\i }tulo 4.
(d:/UFM-Cursos\Semestre_2-[Julio-Diciembre_2019]\______SumaDeCursosUFM1.2______\____Economia_II-Notas____\Classes/04.tex
Underfull \hbox (badness 10000) in paragraph at lines 2--3

 []

<Classes/Images/2019-07-31-1.jpg, id=400, 3468.96pt x 2441.12pt>
File: Classes/Images/2019-07-31-1.jpg Graphic file (type jpg)
<use Classes/Images/2019-07-31-1.jpg>
Package pdftex.def Info: Classes/Images/2019-07-31-1.jpg  used on input line 8.
(pdftex.def)             Requested size: 284.52756pt x 200.21039pt.
[17

 <d:/UFM-Cursos/Semestre_2-[Julio-Diciembre_2019]/______SumaDeCursosUFM1.2______/____Economia_II-Notas____/Classes/Images/2019-07-31-1.jpg>]
Underfull \hbox (badness 10000) in paragraph at lines 43--47

 []


Underfull \hbox (badness 10000) in paragraph at lines 43--47

 []

)
LaTeX Info: Redefining \. on input line 46.
LaTeX Info: Redefining \% on input line 46.
 [18]
LaTeX Info: Redefining \. on input line 47.
LaTeX Info: Redefining \% on input line 47.
 [19]
LaTeX Info: Redefining \. on input line 47.
LaTeX Info: Redefining \% on input line 47.
 [20

]
Cap\'{\i }tulo 5.
(d:/UFM-Cursos\Semestre_2-[Julio-Diciembre_2019]\______SumaDeCursosUFM1.2______\____Economia_II-Notas____\Classes/05.tex [21]
<Classes/Images/2019-08-05-01.jpg, id=430, 3308.36pt x 2473.24pt>
File: Classes/Images/2019-08-05-01.jpg Graphic file (type jpg)
<use Classes/Images/2019-08-05-01.jpg>
Package pdftex.def Info: Classes/Images/2019-08-05-01.jpg  used on input line 48.
(pdftex.def)             Requested size: 227.62204pt x 170.16315pt.
<Classes/Images/2019-08-05-02.jpg, id=431, 3790.16pt x 2537.48pt>
File: Classes/Images/2019-08-05-02.jpg Graphic file (type jpg)
<use Classes/Images/2019-08-05-02.jpg>
Package pdftex.def Info: Classes/Images/2019-08-05-02.jpg  used on input line 49.
(pdftex.def)             Requested size: 227.62204pt x 152.35838pt.
<Classes/Images/2019-08-05-03.jpg, id=432, 3822.28pt x 1477.52pt>
File: Classes/Images/2019-08-05-03.jpg Graphic file (type jpg)
<use Classes/Images/2019-08-05-03.jpg>
Package pdftex.def Info: Classes/Images/2019-08-05-03.jpg  used on input line 52.
(pdftex.def)             Requested size: 341.43306pt x 131.97908pt.
LaTeX Info: Redefining \. on input line 61.
LaTeX Info: Redefining \% on input line 61.
 [22 <d:/UFM-Cursos/Semestre_2-[Julio-Diciembre_2019]/______SumaDeCursosUFM1.2______/____Economia_II-Notas____/Classes/Images/2019-08-05-01.jpg> <d:/UFM-Cursos/Semestre_2-[Julio-Diciembre_2019]/______SumaDeCursosUFM1.2______/____Economia_II-Notas____/Classes/Images/2019-08-05-02.jpg> <d:/UFM-Cursos/Semestre_2-[Julio-Diciembre_2019]/______SumaDeCursosUFM1.2______/____Economia_II-Notas____/Classes/Images/2019-08-05-03.jpg>])
LaTeX Info: Redefining \. on input line 50.
LaTeX Info: Redefining \% on input line 50.
 [23]
LaTeX Info: Redefining \. on input line 50.
LaTeX Info: Redefining \% on input line 50.
 [24

]
Cap\'{\i }tulo 6.
(d:/UFM-Cursos\Semestre_2-[Julio-Diciembre_2019]\______SumaDeCursosUFM1.2______\____Economia_II-Notas____\Classes/06.tex
Underfull \hbox (badness 10000) in paragraph at lines 32--34

 []

[25]
LaTeX Info: Redefining \. on input line 100.
LaTeX Info: Redefining \% on input line 100.
 [26])
LaTeX Info: Redefining \. on input line 53.
LaTeX Info: Redefining \% on input line 53.
 [27]
LaTeX Info: Redefining \. on input line 53.
LaTeX Info: Redefining \% on input line 53.
 [28

]
Cap\'{\i }tulo 7.
(d:/UFM-Cursos\Semestre_2-[Julio-Diciembre_2019]\______SumaDeCursosUFM1.2______\____Economia_II-Notas____\Classes/07.tex) [29]
LaTeX Info: Redefining \. on input line 56.
LaTeX Info: Redefining \% on input line 56.
 [30

]
Cap\'{\i }tulo 8.
(d:/UFM-Cursos\Semestre_2-[Julio-Diciembre_2019]\______SumaDeCursosUFM1.2______\____Economia_II-Notas____\Classes/08.tex [31])
LaTeX Info: Redefining \. on input line 59.
LaTeX Info: Redefining \% on input line 59.
 [32]
Cap\'{\i }tulo 9.
(d:/UFM-Cursos\Semestre_2-[Julio-Diciembre_2019]\______SumaDeCursosUFM1.2______\____Economia_II-Notas____\Classes/09.tex [33

])
LaTeX Info: Redefining \. on input line 62.
LaTeX Info: Redefining \% on input line 62.
 [34]
Cap\'{\i }tulo 10.
(d:/UFM-Cursos\Semestre_2-[Julio-Diciembre_2019]\______SumaDeCursosUFM1.2______\____Economia_II-Notas____\Classes/10.tex [35

]
Overfull \hbox (6.37332pt too wide) in paragraph at lines 48--49
[]\OT1/cmr/bx/it/10 Definicion: Sa-la-rio: \OT1/cmr/bx/n/10 Nos pre-gun-ta-mos: ?`Por que hay des-em-plea-dos? \OT1/cmr/bx/it/10 (Res-pues-ta:\OT1/cmr/bx/n/10 ) \OT1/cmr/bx/it/10 (Parente-
 []

)
LaTeX Info: Redefining \. on input line 65.
LaTeX Info: Redefining \% on input line 65.
 [36]
Cap\'{\i }tulo 11.
(d:/UFM-Cursos\Semestre_2-[Julio-Diciembre_2019]\______SumaDeCursosUFM1.2______\____Economia_II-Notas____\Classes/11.tex [37

]
LaTeX Info: Redefining \. on input line 61.
LaTeX Info: Redefining \% on input line 61.
 [38])
LaTeX Info: Redefining \. on input line 68.
LaTeX Info: Redefining \% on input line 68.
 [39]
LaTeX Info: Redefining \. on input line 68.
LaTeX Info: Redefining \% on input line 68.
 [40

]
Cap\'{\i }tulo 12.
(d:/UFM-Cursos\Semestre_2-[Julio-Diciembre_2019]\______SumaDeCursosUFM1.2______\____Economia_II-Notas____\Classes/12.tex [41]
<Classes/Images/2019-08-26-01.jpg, id=531, 4015.0pt x 2987.16pt>
File: Classes/Images/2019-08-26-01.jpg Graphic file (type jpg)
<use Classes/Images/2019-08-26-01.jpg>
Package pdftex.def Info: Classes/Images/2019-08-26-01.jpg  used on input line 58.
(pdftex.def)             Requested size: 170.71652pt x 126.9868pt.
LaTeX Info: Redefining \. on input line 65.
LaTeX Info: Redefining \% on input line 65.
 [42])
LaTeX Info: Redefining \. on input line 71.
LaTeX Info: Redefining \% on input line 71.
 [43 <d:/UFM-Cursos/Semestre_2-[Julio-Diciembre_2019]/______SumaDeCursosUFM1.2______/____Economia_II-Notas____/Classes/Images/2019-08-26-01.jpg>]
LaTeX Info: Redefining \. on input line 71.
LaTeX Info: Redefining \% on input line 71.
 [44

]
Cap\'{\i }tulo 13.
(d:/UFM-Cursos\Semestre_2-[Julio-Diciembre_2019]\______SumaDeCursosUFM1.2______\____Economia_II-Notas____\Classes/13.tex [45])
LaTeX Info: Redefining \. on input line 74.
LaTeX Info: Redefining \% on input line 74.
 [46]
Cap\'{\i }tulo 14.
(d:/UFM-Cursos\Semestre_2-[Julio-Diciembre_2019]\______SumaDeCursosUFM1.2______\____Economia_II-Notas____\Classes/14.tex [47

]
LaTeX Info: Redefining \. on input line 104.
LaTeX Info: Redefining \% on input line 104.
 [48]
<Classes/Images/2019-09-02-01.jpg, id=569, 4047.12pt x 3035.34pt>
File: Classes/Images/2019-09-02-01.jpg Graphic file (type jpg)
<use Classes/Images/2019-09-02-01.jpg>
Package pdftex.def Info: Classes/Images/2019-09-02-01.jpg  used on input line 110.
(pdftex.def)             Requested size: 284.52756pt x 213.3755pt.
)
LaTeX Info: Redefining \. on input line 77.
LaTeX Info: Redefining \% on input line 77.
 [49 <d:/UFM-Cursos/Semestre_2-[Julio-Diciembre_2019]/______SumaDeCursosUFM1.2______/____Economia_II-Notas____/Classes/Images/2019-09-02-01.jpg>]
LaTeX Info: Redefining \. on input line 77.
LaTeX Info: Redefining \% on input line 77.
 [50

]
Cap\'{\i }tulo 15.
(d:/UFM-Cursos\Semestre_2-[Julio-Diciembre_2019]\______SumaDeCursosUFM1.2______\____Economia_II-Notas____\Classes/15.tex [51]
<Classes/Images/2019-09-04-02.JPG, id=584, 4015.0pt x 2826.56pt>
File: Classes/Images/2019-09-04-02.JPG Graphic file (type jpg)
<use Classes/Images/2019-09-04-02.JPG>
Package pdftex.def Info: Classes/Images/2019-09-04-02.JPG  used on input line 92.
(pdftex.def)             Requested size: 170.71652pt x 120.15956pt.
<Classes/Images/2019-09-04-03.JPG, id=585, 4047.12pt x 3035.34pt>
File: Classes/Images/2019-09-04-03.JPG Graphic file (type jpg)
<use Classes/Images/2019-09-04-03.JPG>
Package pdftex.def Info: Classes/Images/2019-09-04-03.JPG  used on input line 93.
(pdftex.def)             Requested size: 170.71652pt x 128.01604pt.
<Classes/Images/2019-09-04-04.JPG, id=586, 4047.12pt x 3035.34pt>
File: Classes/Images/2019-09-04-04.JPG Graphic file (type jpg)
<use Classes/Images/2019-09-04-04.JPG>
Package pdftex.def Info: Classes/Images/2019-09-04-04.JPG  used on input line 94.
(pdftex.def)             Requested size: 170.71652pt x 128.01604pt.
<Classes/Images/2019-09-04-05.JPG, id=587, 3526.17375pt x 3010.24625pt>
File: Classes/Images/2019-09-04-05.JPG Graphic file (type jpg)
<use Classes/Images/2019-09-04-05.JPG>
Package pdftex.def Info: Classes/Images/2019-09-04-05.JPG  used on input line 101.
(pdftex.def)             Requested size: 170.71652pt x 145.6982pt.
<Classes/Images/2019-09-04-06.JPG, id=588, 4047.12pt x 3035.34pt>
File: Classes/Images/2019-09-04-06.JPG Graphic file (type jpg)
<use Classes/Images/2019-09-04-06.JPG>
Package pdftex.def Info: Classes/Images/2019-09-04-06.JPG  used on input line 102.
(pdftex.def)             Requested size: 170.71652pt x 128.01604pt.
)
LaTeX Info: Redefining \. on input line 80.
LaTeX Info: Redefining \% on input line 80.
 [52]
LaTeX Info: Redefining \. on input line 80.
LaTeX Info: Redefining \% on input line 80.
 [53 <d:/UFM-Cursos/Semestre_2-[Julio-Diciembre_2019]/______SumaDeCursosUFM1.2______/____Economia_II-Notas____/Classes/Images/2019-09-04-02.JPG> <d:/UFM-Cursos/Semestre_2-[Julio-Diciembre_2019]/______SumaDeCursosUFM1.2______/____Economia_II-Notas____/Classes/Images/2019-09-04-03.JPG> <d:/UFM-Cursos/Semestre_2-[Julio-Diciembre_2019]/______SumaDeCursosUFM1.2______/____Economia_II-Notas____/Classes/Images/2019-09-04-04.JPG> <d:/UFM-Cursos/Semestre_2-[Julio-Diciembre_2019]/______SumaDeCursosUFM1.2______/____Economia_II-Notas____/Classes/Images/2019-09-04-05.JPG> <d:/UFM-Cursos/Semestre_2-[Julio-Diciembre_2019]/______SumaDeCursosUFM1.2______/____Economia_II-Notas____/Classes/Images/2019-09-04-06.JPG>]
LaTeX Info: Redefining \. on input line 80.
LaTeX Info: Redefining \% on input line 80.
 [54

]
Cap\'{\i }tulo 16.
(d:/UFM-Cursos\Semestre_2-[Julio-Diciembre_2019]\______SumaDeCursosUFM1.2______\____Economia_II-Notas____\Classes/16.tex [55])
LaTeX Info: Redefining \. on input line 83.
LaTeX Info: Redefining \% on input line 83.
 [56]
Cap\'{\i }tulo 17.
(d:/UFM-Cursos\Semestre_2-[Julio-Diciembre_2019]\______SumaDeCursosUFM1.2______\____Economia_II-Notas____\Classes/17.tex
Underfull \hbox (badness 10000) in paragraph at lines 2--4

 []

<Classes/Images/2019-09-16-1.png, id=613, 2055.68pt x 1541.76pt>
File: Classes/Images/2019-09-16-1.png Graphic file (type png)
<use Classes/Images/2019-09-16-1.png>
Package pdftex.def Info: Classes/Images/2019-09-16-1.png  used on input line 9.
(pdftex.def)             Requested size: 170.71652pt x 128.02486pt.
<Classes/Images/2019-09-16-2.png, id=615, 2055.68pt x 1541.76pt>
File: Classes/Images/2019-09-16-2.png Graphic file (type png)
<use Classes/Images/2019-09-16-2.png>
Package pdftex.def Info: Classes/Images/2019-09-16-2.png  used on input line 10.
(pdftex.def)             Requested size: 170.71652pt x 128.02486pt.
[57

 <d:/UFM-Cursos/Semestre_2-[Julio-Diciembre_2019]/______SumaDeCursosUFM1.2______/____Economia_II-Notas____/Classes/Images/2019-09-16-1.png> <d:/UFM-Cursos/Semestre_2-[Julio-Diciembre_2019]/______SumaDeCursosUFM1.2______/____Economia_II-Notas____/Classes/Images/2019-09-16-2.png>])
LaTeX Info: Redefining \. on input line 86.
LaTeX Info: Redefining \% on input line 86.
 [58]
Cap\'{\i }tulo 18.
(d:/UFM-Cursos\Semestre_2-[Julio-Diciembre_2019]\______SumaDeCursosUFM1.2______\____Economia_II-Notas____\Classes/18.tex [59

]
LaTeX Info: Redefining \. on input line 71.
LaTeX Info: Redefining \% on input line 71.
 [60])
LaTeX Info: Redefining \. on input line 89.
LaTeX Info: Redefining \% on input line 89.
 [61]
LaTeX Info: Redefining \. on input line 89.
LaTeX Info: Redefining \% on input line 89.
 [62

]
Cap\'{\i }tulo 19.
(d:/UFM-Cursos\Semestre_2-[Julio-Diciembre_2019]\______SumaDeCursosUFM1.2______\____Economia_II-Notas____\Classes/19.tex [63])
LaTeX Info: Redefining \. on input line 92.
LaTeX Info: Redefining \% on input line 92.
 [64]
Cap\'{\i }tulo 20.
(d:/UFM-Cursos\Semestre_2-[Julio-Diciembre_2019]\______SumaDeCursosUFM1.2______\____Economia_II-Notas____\Classes/20.tex [65

]
LaTeX Info: Redefining \. on input line 76.
LaTeX Info: Redefining \% on input line 76.
 [66])
LaTeX Info: Redefining \. on input line 95.
LaTeX Info: Redefining \% on input line 95.
 [67]
LaTeX Info: Redefining \. on input line 95.
LaTeX Info: Redefining \% on input line 95.
 [68

]
Cap\'{\i }tulo 21.
(d:/UFM-Cursos\Semestre_2-[Julio-Diciembre_2019]\______SumaDeCursosUFM1.2______\____Economia_II-Notas____\Classes/21.tex [69]
LaTeX Info: Redefining \. on input line 60.
LaTeX Info: Redefining \% on input line 60.
 [70])
LaTeX Info: Redefining \. on input line 98.
LaTeX Info: Redefining \% on input line 98.
 [71]
LaTeX Info: Redefining \. on input line 98.
LaTeX Info: Redefining \% on input line 98.
 [72

]
Cap\'{\i }tulo 22.
(d:/UFM-Cursos\Semestre_2-[Julio-Diciembre_2019]\______SumaDeCursosUFM1.2______\____Economia_II-Notas____\Classes/22.tex [73])
LaTeX Info: Redefining \. on input line 101.
LaTeX Info: Redefining \% on input line 101.
 [74]
Cap\'{\i }tulo 23.
(d:/UFM-Cursos\Semestre_2-[Julio-Diciembre_2019]\______SumaDeCursosUFM1.2______\____Economia_II-Notas____\Classes/23.tex) [75

]
LaTeX Info: Redefining \. on input line 104.
LaTeX Info: Redefining \% on input line 104.
 [76

]
Cap\'{\i }tulo 24.
(d:/UFM-Cursos\Semestre_2-[Julio-Diciembre_2019]\______SumaDeCursosUFM1.2______\____Economia_II-Notas____\Classes/24.tex [77]
Overfull \hbox (110.36798pt too wide) in paragraph at lines 40--41
\OT1/cmr/bx/it/10 La res-pues-ta a es-ta pre-gun-ta es: $[]$\OT1/cmr/m/n/10 ,
 []


Overfull \hbox (60.33629pt too wide) in paragraph at lines 57--62
 [] 
 []

)
LaTeX Info: Redefining \. on input line 107.
LaTeX Info: Redefining \% on input line 107.
 [78]
Cap\'{\i }tulo 25.
(d:/UFM-Cursos\Semestre_2-[Julio-Diciembre_2019]\______SumaDeCursosUFM1.2______\____Economia_II-Notas____\Classes/25.tex [79

]
<Classes/Images/2019-10-09_1.JPG, id=826, 3035.34pt x 3035.34pt>
File: Classes/Images/2019-10-09_1.JPG Graphic file (type jpg)
<use Classes/Images/2019-10-09_1.JPG>
Package pdftex.def Info: Classes/Images/2019-10-09_1.JPG  used on input line 49.
(pdftex.def)             Requested size: 170.71652pt x 170.6726pt.
<Classes/Images/2019-10-09_2.JPG, id=827, 3035.34pt x 3035.34pt>
File: Classes/Images/2019-10-09_2.JPG Graphic file (type jpg)
<use Classes/Images/2019-10-09_2.JPG>
Package pdftex.def Info: Classes/Images/2019-10-09_2.JPG  used on input line 55.
(pdftex.def)             Requested size: 170.71652pt x 170.6726pt.
LaTeX Info: Redefining \. on input line 70.
LaTeX Info: Redefining \% on input line 70.
 [80 <d:/UFM-Cursos/Semestre_2-[Julio-Diciembre_2019]/______SumaDeCursosUFM1.2______/____Economia_II-Notas____/Classes/Images/2019-10-09_1.JPG>]
LaTeX Info: Redefining \. on input line 87.
LaTeX Info: Redefining \% on input line 87.
 [81 <d:/UFM-Cursos/Semestre_2-[Julio-Diciembre_2019]/______SumaDeCursosUFM1.2______/____Economia_II-Notas____/Classes/Images/2019-10-09_2.JPG>])
LaTeX Info: Redefining \. on input line 110.
LaTeX Info: Redefining \% on input line 110.
 [82]
Cap\'{\i }tulo 26.
(d:/UFM-Cursos\Semestre_2-[Julio-Diciembre_2019]\______SumaDeCursosUFM1.2______\____Economia_II-Notas____\Classes/26.tex [83

]
LaTeX Info: Redefining \. on input line 58.
LaTeX Info: Redefining \% on input line 58.
 [84])
LaTeX Info: Redefining \. on input line 113.
LaTeX Info: Redefining \% on input line 113.
 [85]
LaTeX Info: Redefining \. on input line 113.
LaTeX Info: Redefining \% on input line 113.
 [86

]
Cap\'{\i }tulo 27.
(d:/UFM-Cursos\Semestre_2-[Julio-Diciembre_2019]\______SumaDeCursosUFM1.2______\____Economia_II-Notas____\Classes/27.tex [87])
LaTeX Info: Redefining \. on input line 116.
LaTeX Info: Redefining \% on input line 116.
 [88]
Cap\'{\i }tulo 28.
(d:/UFM-Cursos\Semestre_2-[Julio-Diciembre_2019]\______SumaDeCursosUFM1.2______\____Economia_II-Notas____\Classes/28.tex [89

]
LaTeX Info: Redefining \. on input line 108.
LaTeX Info: Redefining \% on input line 108.
 [90])
LaTeX Info: Redefining \. on input line 119.
LaTeX Info: Redefining \% on input line 119.
 [91]
LaTeX Info: Redefining \. on input line 119.
LaTeX Info: Redefining \% on input line 119.
 [92

]
Cap\'{\i }tulo 29.
(d:/UFM-Cursos\Semestre_2-[Julio-Diciembre_2019]\______SumaDeCursosUFM1.2______\____Economia_II-Notas____\Classes/29.tex [93]
LaTeX Info: Redefining \. on input line 68.
LaTeX Info: Redefining \% on input line 68.
 [94])
LaTeX Info: Redefining \. on input line 122.
LaTeX Info: Redefining \% on input line 122.
 [95]
LaTeX Info: Redefining \. on input line 122.
LaTeX Info: Redefining \% on input line 122.
 [96

]
Cap\'{\i }tulo 30.
(d:/UFM-Cursos\Semestre_2-[Julio-Diciembre_2019]\______SumaDeCursosUFM1.2______\____Economia_II-Notas____\Classes/30.tex [97])
LaTeX Info: Redefining \. on input line 125.
LaTeX Info: Redefining \% on input line 125.
 [98]
Cap\'{\i }tulo 31.
(d:/UFM-Cursos\Semestre_2-[Julio-Diciembre_2019]\______SumaDeCursosUFM1.2______\____Economia_II-Notas____\Classes/31.tex [99

]
Overfull \hbox (0.78355pt too wide) in paragraph at lines 53--61
[][] 
 []


Overfull \hbox (0.78355pt too wide) in paragraph at lines 64--69
 [] 
 []


Overfull \hbox (0.78355pt too wide) in paragraph at lines 72--78
 [] 
 []

<Classes/Images/2019-11-04-01.JPG, id=1050, 3035.34pt x 3035.34pt>
File: Classes/Images/2019-11-04-01.JPG Graphic file (type jpg)
<use Classes/Images/2019-11-04-01.JPG>
Package pdftex.def Info: Classes/Images/2019-11-04-01.JPG  used on input line 94.
(pdftex.def)             Requested size: 170.71652pt x 170.6726pt.
LaTeX Info: Redefining \. on input line 119.
LaTeX Info: Redefining \% on input line 119.
[100])
Package atveryend Info: Empty hook `BeforeClearDocument' on input line 130.
LaTeX Info: Redefining \. on input line 130.
LaTeX Info: Redefining \% on input line 130.
 [101 <d:/UFM-Cursos/Semestre_2-[Julio-Diciembre_2019]/______SumaDeCursosUFM1.2______/____Economia_II-Notas____/Classes/Images/2019-11-04-01.JPG>]
Package atveryend Info: Empty hook `AfterLastShipout' on input line 130.
 (d:/UFM-Cursos\Semestre_2-[Julio-Diciembre_2019]\______SumaDeCursosUFM1.2______\____Economia_II-Notas____\Econo_II-Notas.aux
LaTeX Info: Redefining \. on input line 25.
LaTeX Info: Redefining \% on input line 25.
)
Package atveryend Info: Executing hook `AtVeryEndDocument' on input line 130.
Package atveryend Info: Empty hook `AtEndAfterFileList' on input line 130.


LaTeX Warning: There were multiply-defined labels.

Package atveryend Info: Empty hook `AtVeryVeryEnd' on input line 130.
 ) 
Here is how much of TeX's memory you used:
 10976 strings out of 492895
 169765 string characters out of 3121400
 280527 words of memory out of 3000000
 14046 multiletter control sequences out of 15000+200000
 12456 words of font info for 44 fonts, out of 3000000 for 9000
 1141 hyphenation exceptions out of 8191
 37i,24n,39p,1663b,767s stack positions out of 5000i,500n,10000p,200000b,50000s
<C:/Users/DAVIDCORZO/AppData/Local/Programs/MiKTeX 2.9/fonts/type1/public/amsfonts/cm/cmbx10.pfb><C:/Users/DAVIDCORZO/AppData/Local/Programs/MiKTeX 2.9/fonts/type1/public/amsfonts/cm/cmbx12.pfb><C:/Users/DAVIDCORZO/AppData/Local/Programs/MiKTeX 2.9/fonts/type1/public/amsfonts/cm/cmbxsl10.pfb><C:/Users/DAVIDCORZO/AppData/Local/Programs/MiKTeX 2.9/fonts/type1/public/amsfonts/cm/cmbxti10.pfb><C:/Users/DAVIDCORZO/AppData/Local/Programs/MiKTeX 2.9/fonts/type1/public/amsfonts/cm/cmex10.pfb><C:/Users/DAVIDCORZO/AppData/Local/Programs/MiKTeX 2.9/fonts/type1/public/amsfonts/cm/cmmi10.pfb><C:/Users/DAVIDCORZO/AppData/Local/Programs/MiKTeX 2.9/fonts/type1/public/amsfonts/cm/cmmi7.pfb><C:/Users/DAVIDCORZO/AppData/Local/Programs/MiKTeX 2.9/fonts/type1/public/amsfonts/cm/cmr10.pfb><C:/Users/DAVIDCORZO/AppData/Local/Programs/MiKTeX 2.9/fonts/type1/public/amsfonts/cm/cmr12.pfb><C:/Users/DAVIDCORZO/AppData/Local/Programs/MiKTeX 2.9/fonts/type1/public/amsfonts/cm/cmr17.pfb><C:/Users/DAVIDCORZO/AppData/Local/Programs/MiKTeX 2.9/fonts/type1/public/amsfonts/cm/cmr7.pfb><C:/Users/DAVIDCORZO/AppData/Local/Programs/MiKTeX 2.9/fonts/type1/public/amsfonts/cm/cmsl10.pfb><C:/Users/DAVIDCORZO/AppData/Local/Programs/MiKTeX 2.9/fonts/type1/public/amsfonts/cm/cmsy10.pfb><C:/Users/DAVIDCORZO/AppData/Local/Programs/MiKTeX 2.9/fonts/type1/public/amsfonts/cm/cmsy7.pfb><C:/Users/DAVIDCORZO/AppData/Local/Programs/MiKTeX 2.9/fonts/type1/public/amsfonts/cm/cmti10.pfb><C:/Users/DAVIDCORZO/AppData/Local/Programs/MiKTeX 2.9/fonts/type1/public/amsfonts/cm/cmti7.pfb><C:/Users/DAVIDCORZO/AppData/Local/Programs/MiKTeX 2.9/fonts/type1/public/amsfonts/latxfont/lasy10.pfb>
Output written on d:/UFM-Cursos\Semestre_2-[Julio-Diciembre_2019]\______SumaDeCursosUFM1.2______\____Economia_II-Notas____\Econo_II-Notas.pdf (101 pages, 12357721 bytes).
PDF statistics:
 1695 PDF objects out of 1728 (max. 8388607)
 545 named destinations out of 1000 (max. 500000)
 1333 words of extra memory for PDF output out of 10000 (max. 10000000)

